<!DOCTYPE HTML PUBLIC "-//W3C//DTD HTML 4.0 Draft//EN">
<HTML>
<HEAD>
<TITLE>Error 500--Internal Server Error</TITLE>
</HEAD>
<BODY bgcolor="white">
<FONT FACE=Helvetica><BR CLEAR=all>
<TABLE border=0 cellspacing=5><TR><TD><BR CLEAR=all>
<FONT FACE="Helvetica" COLOR="black" SIZE="3"><H2>Error 500--Internal Server Error</H2>
</FONT></TD></TR>
</TABLE>
<TABLE border=0 width=100% cellpadding=10><TR><TD VALIGN=top WIDTH=100% BGCOLOR=white><FONT FACE="Courier New"><pre>java.io.EOFException: No content to map to Object due to end of input
	at org.codehaus.jackson.map.ObjectMapper._initForReading(ObjectMapper.java:2766)
	at org.codehaus.jackson.map.ObjectMapper._readValue(ObjectMapper.java:2682)
	at org.codehaus.jackson.map.ObjectMapper.readValue(ObjectMapper.java:1308)
	at org.codehaus.jackson.jaxrs.JacksonJsonProvider.readFrom(JacksonJsonProvider.java:419)
	at com.sun.jersey.spi.container.ContainerRequest.getEntity(ContainerRequest.java:490)
	at com.sun.jersey.server.impl.model.method.dispatch.EntityParamDispatchProvider$EntityInjectable.getValue(EntityParamDispatchProvider.java:123)
	at com.sun.jersey.server.impl.inject.InjectableValuesProvider.getInjectableValues(InjectableValuesProvider.java:86)
	at com.sun.jersey.server.impl.model.method.dispatch.AbstractResourceMethodDispatchProvider$EntityParamInInvoker.getParams(AbstractResourceMethodDispatchProvider.java:153)
	at com.sun.jersey.server.impl.model.method.dispatch.AbstractResourceMethodDispatchProvider$TypeOutInvoker._dispatch(AbstractResourceMethodDispatchProvider.java:183)
	at com.sun.jersey.server.impl.model.method.dispatch.ResourceJavaMethodDispatcher.dispatch(ResourceJavaMethodDispatcher.java:75)
	at com.sun.jersey.server.impl.uri.rules.HttpMethodRule.accept(HttpMethodRule.java:302)
	at com.sun.jersey.server.impl.uri.rules.RightHandPathRule.accept(RightHandPathRule.java:147)
	at com.sun.jersey.server.impl.uri.rules.ResourceClassRule.accept(ResourceClassRule.java:108)
	at com.sun.jersey.server.impl.uri.rules.RightHandPathRule.accept(RightHandPathRule.java:147)
	at com.sun.jersey.server.impl.uri.rules.RootResourceClassesRule.accept(RootResourceClassesRule.java:84)
	at com.sun.jersey.server.impl.application.WebApplicationImpl._handleRequest(WebApplicationImpl.java:1542)
	at com.sun.jersey.server.impl.application.WebApplicationImpl._handleRequest(WebApplicationImpl.java:1473)
	at com.sun.jersey.server.impl.application.WebApplicationImpl.handleRequest(WebApplicationImpl.java:1419)
	at com.sun.jersey.server.impl.application.WebApplicationImpl.handleRequest(WebApplicationImpl.java:1409)
	at com.sun.jersey.spi.container.servlet.WebComponent.service(WebComponent.java:409)
	at com.sun.jersey.spi.container.servlet.ServletContainer.service(ServletContainer.java:540)
	at com.sun.jersey.spi.container.servlet.ServletContainer.service(ServletContainer.java:715)
	at javax.servlet.http.HttpServlet.service(HttpServlet.java:844)
	at weblogic.servlet.internal.StubSecurityHelper$ServletServiceAction.run(StubSecurityHelper.java:280)
	at weblogic.servlet.internal.StubSecurityHelper$ServletServiceAction.run(StubSecurityHelper.java:254)
	at weblogic.servlet.internal.StubSecurityHelper.invokeServlet(StubSecurityHelper.java:136)
	at weblogic.servlet.internal.ServletStubImpl.execute(ServletStubImpl.java:346)
	at weblogic.servlet.internal.ServletStubImpl.execute(ServletStubImpl.java:243)
	at weblogic.servlet.internal.WebAppServletContext$ServletInvocationAction.wrapRun(WebAppServletContext.java:3432)
	at weblogic.servlet.internal.WebAppServletContext$ServletInvocationAction.run(WebAppServletContext.java:3402)
	at weblogic.security.acl.internal.AuthenticatedSubject.doAs(AuthenticatedSubject.java:321)
	at weblogic.security.service.SecurityManager.runAs(SecurityManager.java:120)
	at weblogic.servlet.provider.WlsSubjectHandle.run(WlsSubjectHandle.java:57)
	at weblogic.servlet.internal.WebAppServletContext.doSecuredExecute(WebAppServletContext.java:2285)
	at weblogic.servlet.internal.WebAppServletContext.securedExecute(WebAppServletContext.java:2201)
	at weblogic.servlet.internal.WebAppServletContext.execute(WebAppServletContext.java:2179)
	at weblogic.servlet.internal.ServletRequestImpl.run(ServletRequestImpl.java:1572)
	at weblogic.servlet.provider.ContainerSupportProviderImpl$WlsRequestExecutor.run(ContainerSupportProviderImpl.java:255)
	at weblogic.work.ExecuteThread.execute(ExecuteThread.java:311)
	at weblogic.work.ExecuteThread.run(ExecuteThread.java:263)
</pre></FONT></TD></TR>
</TABLE>

</BODY>
</HTML>
