(14/05/2018 18:27:07) ******************************************************
(14/05/2018 18:27:07) Iniciando proceso de creacion de Workitem
(14/05/2018 18:27:07) Fecha/Hora (Inicio)	: 14/05/2018 18:27:07
(14/05/2018 18:27:07) Nro. Proceso		: 30919
(14/05/2018 18:27:07) Usuario			: fallas
(14/05/2018 18:27:07) Cliente			: 192.168.100.89
(14/05/2018 18:27:07) Cod. Remedy		: INC000001166306
(14/05/2018 18:27:07) Componente		: PVUDB
(14/05/2018 18:27:07) Soap Tecnico		: C12101
(14/05/2018 18:27:07) ******************************************************
(14/05/2018 18:27:07)
(14/05/2018 18:27:07) Creando workitems . . .
(14/05/2018 18:27:07) 
(14/05/2018 18:27:16) Se creo con exito: 115947|INC000001166306
(14/05/2018 18:27:27) Se creo con exito: 115948|FALLA.INC000001166306.PVUDB
(14/05/2018 18:27:34) Se creo con exito: 115949|PROM.INC000001166306.PVUDB.DESARROLLO
(14/05/2018 18:27:42) Se creo con exito: 115950|PROM.INC000001166306.PVUDB.CERTIFICACION
(14/05/2018 18:27:53) Se creo con exito: 115951|PROM.INC000001166306.PVUDB.COMITE_PP
(14/05/2018 18:28:02) Se creo con exito: 115952|PROM.INC000001166306.PVUDB.PRODUCCION
(14/05/2018 18:28:11) Se creo con exito: 115953|AUT.INC000001166306.PVUDB.DESARROLLO
(14/05/2018 18:28:20) Se creo con exito: 115954|AUT.INC000001166306.PVUDB.CERTIFICACION
(14/05/2018 18:28:29) Se creo con exito: 115955|ACT.INC000001166306.PVUDB.DES_FUENTES
(14/05/2018 18:28:37) Se creo con exito: 115956|ACT.INC000001166306.PVUDB.PRD_INSTALACION
(14/05/2018 18:28:46) Se creo con exito: 115957|DOC.INC000001166306.PVUDB.DESARROLLO
(14/05/2018 18:28:50) 
(14/05/2018 18:28:50) Proceso terminado.
