(27/04/2018 21:30:55) ******************************************************
(27/04/2018 21:30:55) Iniciando proceso de creacion de Workitem
(27/04/2018 21:30:55) Fecha/Hora (Inicio)	: 27/04/2018 21:30:55
(27/04/2018 21:30:55) Nro. Proceso		: 31615
(27/04/2018 21:30:55) Usuario			: fallas
(27/04/2018 21:30:55) Cliente			: 192.168.100.25
(27/04/2018 21:30:55) Cod. Remedy		: INC000001023206
(27/04/2018 21:30:55) Componente		: EAI
(27/04/2018 21:30:55) Soap Tecnico		: C14571
(27/04/2018 21:30:55) ******************************************************
(27/04/2018 21:30:55)
(27/04/2018 21:30:55) Creando workitems . . .
(27/04/2018 21:30:55) 
(27/04/2018 21:31:19) Se creo con exito: 113865|INC000001023206
(27/04/2018 21:31:41) Se creo con exito: 113866|FALLA.INC000001023206.EAI
(27/04/2018 21:31:59) Se creo con exito: 113867|PROM.INC000001023206.EAI.DESARROLLO
(27/04/2018 21:32:13) Se creo con exito: 113868|PROM.INC000001023206.EAI.CERTIFICACION
(27/04/2018 21:32:30) Se creo con exito: 113869|PROM.INC000001023206.EAI.COMITE_PP
(27/04/2018 21:32:46) Se creo con exito: 113870|PROM.INC000001023206.EAI.PRODUCCION
(27/04/2018 21:33:05) Se creo con exito: 113871|AUT.INC000001023206.EAI.DESARROLLO
(27/04/2018 21:33:16) Se creo con exito: 113872|AUT.INC000001023206.EAI.CERTIFICACION
(27/04/2018 21:33:31) Se creo con exito: 113873|ACT.INC000001023206.EAI.DES_FUENTES
(27/04/2018 21:33:46) Se creo con exito: 113874|ACT.INC000001023206.EAI.PRD_INSTALACION
(27/04/2018 21:34:02) Se creo con exito: 113875|DOC.INC000001023206.EAI.DESARROLLO
(27/04/2018 21:34:06) 
(27/04/2018 21:34:06) Proceso terminado.
