(12/03/2018 16:12:26) ******************************************************
(12/03/2018 16:12:26) Iniciando proceso de creacion de Workitem
(12/03/2018 16:12:26) Fecha/Hora (Inicio)	: 12/03/2018 16:12:26
(12/03/2018 16:12:26) Nro. Proceso		: 9127
(12/03/2018 16:12:26) Usuario			: fallas
(12/03/2018 16:12:26) Cliente			: 192.168.100.78
(12/03/2018 16:12:26) Cod. Remedy		: INC000001099234
(12/03/2018 16:12:26) Componente		: EAI
(12/03/2018 16:12:26) Soap Tecnico		: C14571
(12/03/2018 16:12:26) ******************************************************
(12/03/2018 16:12:26)
(12/03/2018 16:12:26) Creando workitems . . .
(12/03/2018 16:12:47) Se creo con exito: 103301
(12/03/2018 16:14:34) Se creo con exito: 103304
(12/03/2018 16:16:44) Se creo con exito: 103308
(12/03/2018 16:19:22) Se creo con exito: 103309
(12/03/2018 16:21:13) Se creo con exito: 103310
(12/03/2018 16:23:14) Se creo con exito: 103311
(12/03/2018 16:24:59) Se creo con exito: 103313
(12/03/2018 16:26:42) Se creo con exito: 103315
(12/03/2018 16:28:41) Se creo con exito: 103317
(12/03/2018 16:31:53) Se creo con exito: 103322
(12/03/2018 16:33:39) Se creo con exito: 103326
(12/03/2018 16:33:43) (INC000001099234)(EAI)(C14571) Proceso terminado.
