(04/04/2018 18:57:16) ******************************************************
(04/04/2018 18:57:16) Iniciando proceso de creacion de Workitem
(04/04/2018 18:57:16) Fecha/Hora (Inicio)	: 04/04/2018 18:57:16
(04/04/2018 18:57:16) Nro. Proceso		: 16827
(04/04/2018 18:57:16) Usuario			: fallas
(04/04/2018 18:57:16) Cliente			: 192.168.100.60
(04/04/2018 18:57:16) Cod. Remedy		: INC000001132223
(04/04/2018 18:57:16) Componente		: SISACT
(04/04/2018 18:57:16) Soap Tecnico		: C14682
(04/04/2018 18:57:16) ******************************************************
(04/04/2018 18:57:16)
(04/04/2018 18:57:16) Creando workitems . . .
(04/04/2018 18:57:16) 
(04/04/2018 18:57:40) Se creo con exito: 108962|INC000001132223
(04/04/2018 19:02:37) Se creo con exito: 108970|FALLA.INC000001132223.SISACT
(04/04/2018 19:03:51) Se creo con exito: 108971|PROM.INC000001132223.SISACT.DESARROLLO
(04/04/2018 19:04:59) Se creo con exito: 108973|PROM.INC000001132223.SISACT.CERTIFICACION
(04/04/2018 19:06:06) Se creo con exito: 108975|PROM.INC000001132223.SISACT.COMITE_PP
(04/04/2018 19:07:10) Se creo con exito: 108977|PROM.INC000001132223.SISACT.PRODUCCION
(04/04/2018 19:08:14) Se creo con exito: 108979|AUT.INC000001132223.SISACT.DESARROLLO
(04/04/2018 19:09:12) Se creo con exito: 108980|AUT.INC000001132223.SISACT.CERTIFICACION
(04/04/2018 19:10:24) Se creo con exito: 108982|ACT.INC000001132223.SISACT.DES_FUENTES
(04/04/2018 19:11:27) Se creo con exito: 108984|ACT.INC000001132223.SISACT.PRD_INSTALACION
(04/04/2018 19:13:23) Se creo con exito: 108986|DOC.INC000001132223.SISACT.DESARROLLO
(04/04/2018 19:13:31) 
(04/04/2018 19:13:31) Proceso terminado.
