(12/03/2018 20:54:20) ******************************************************
(12/03/2018 20:54:20) Iniciando proceso de creacion de Workitem
(12/03/2018 20:54:20) Fecha/Hora (Inicio)	: 12/03/2018 20:54:20
(12/03/2018 20:54:20) Nro. Proceso		: 10021
(12/03/2018 20:54:20) Usuario			: fallas
(12/03/2018 20:54:20) Cliente			: 192.168.100.63
(12/03/2018 20:54:20) Cod. Remedy		: INC000001081935
(12/03/2018 20:54:20) Componente		: EAI
(12/03/2018 20:54:20) Soap Tecnico		: C14571
(12/03/2018 20:54:20) ******************************************************
(12/03/2018 20:54:20)
(12/03/2018 20:54:20) Creando workitems . . .
(12/03/2018 20:54:29) Se creo con exito: INC000001081935|103418
(12/03/2018 20:55:29) Se creo con exito: FALLA.INC000001081935.EAI|103419
(12/03/2018 20:56:30) Se creo con exito: PROM.INC000001081935.EAI.DESARROLLO|103420
(12/03/2018 20:57:00) Se creo con exito: PROM.INC000001081935.EAI.CERTIFICACION|103421
(12/03/2018 20:57:26) Se creo con exito: PROM.INC000001081935.EAI.COMITE_PP|103422
(12/03/2018 20:58:00) Se creo con exito: PROM.INC000001081935.EAI.PRODUCCION|103423
(12/03/2018 20:58:25) Se creo con exito: AUT.INC000001081935.EAI.DESARROLLO|103424
(12/03/2018 20:58:51) Se creo con exito: AUT.INC000001081935.EAI.CERTIFICACION|103425
(12/03/2018 20:59:16) Se creo con exito: ACT.INC000001081935.EAI.DES_FUENTES|103426
(12/03/2018 20:59:42) Se creo con exito: ACT.INC000001081935.EAI.PRD_INSTALACION|103427
(12/03/2018 21:00:06) Se creo con exito: DOC.INC000001081935.EAI.DESARROLLO|103428
(12/03/2018 21:00:11) Proceso terminado.
