(18/06/2018 16:09:28) ******************************************************
(18/06/2018 16:09:28) Iniciando proceso de creacion de Workitem
(18/06/2018 16:09:28) Fecha/Hora (Inicio)\t: 18/06/2018 16:09:28
(18/06/2018 16:09:28) Nro. Proceso\t\t: 13372
(18/06/2018 16:09:28) Usuario\t\t\t: fallas
(18/06/2018 16:09:28) Cliente\t\t\t: 192.168.100.101
(18/06/2018 16:09:29) Cod. Remedy\t\t: INC000001078627
(18/06/2018 16:09:29) Componente\t\t: SISACT
(18/06/2018 16:09:29) Soap Tecnico\t\t: CORPORATIVO
(18/06/2018 16:09:29) ******************************************************
(18/06/2018 16:09:29)
(18/06/2018 16:09:29) Creando workitems . . .
(18/06/2018 16:09:29) 
{
   "auditoria":{
      "repository":"https://172.19.112.112:9443/ccm/",
      "username":"E700911",
      "password":"Jun2018+",
      "area":"02.GESTION.FALLAS.3"
   },
   "workitem":[
      {
         "type":"com.ibm.team.workitem.workItemType.milestone", "parametro":[
            {"name":"Cod_Proyect_Obj", "value":"INC000001078627"},
            {"name":"id.proyecto.solicutd", "value":"NO"},
            {"name":"internalPriority", "value":"Alta"},
            {"name":"owner", "value":"C17096"},
            {"name":"Proyecto.Responsable", "value":"C17096"},
            {"name":"summary", "value":"INC000001078627"},
            {"name":"tipo.proyecto.solicitud", "value":"Requerimientos"},
            {"name":"tipo_gerencia_objec", "value":"SOPORTE"},
            {"name":"tipo_proveedores_object", "value":"EVERIS"}
         ]
      },
      {
         "type":"com.ibm.team.workitem.workItemType.businessneed", "parametro":[
            {"name":"@link_parent", "value":"#1"},
            {"name":"Aplicacion", "value":"SISACT"},
            {"name":"category", "value":"CEQ.INC000001078627.SISACT"},
            {"name":"Cod_Proyec_Sol", "value":"INC000001078627"},
            {"name":"Coordinador_de_Desarrollo", "value":"E700136"},
            {"name":"description", "value":"INC000001078627"},
            {"name":"Falla.Responsable", "value":"C17096"},
            {"name":"id_urgencias00", "value":"NO"},
            {"name":"internalPriority", "value":"Alta"},
            {"name":"owner", "value":"C17096"},
            {"name":"summary", "value":"FALLA.INC000001078627.SISACT"},
            {"name":"target", "value":"LT.FALLA.INC000001078627.SISACT/R.FALLA.INC000001078627.SISACT/01.INC000001078627.SISACT.DESARROLLO"},
            {"name":"tipo.gerencia.sol", "value":"SOPORTE"},
            {"name":"tipo.proveedores.sol", "value":"EVERIS"},
            {"name":"type.solicitud", "value":"Requerimientos"}
         ]
      },
      {
         "type":"promover", "parametro":[
            {"name":"@link_parent", "value":"#2"},
            {"name":"category", "value":"CEQ.INC000001078627.SISACT"},
            {"name":"internalPriority", "value":"Alta"},
            {"name":"owner", "value":"E751006"},
            {"name":"summary", "value":"PRM.INC000001078627.SISACT.DESARROLLO"},
            {"name":"target", "value":"LT.FALLA.INC000001078627.SISACT/R.FALLA.INC000001078627.SISACT/01.INC000001078627.SISACT.DESARROLLO"}
         ]
      },
      {
         "type":"promover", "parametro":[
            {"name":"@link_parent", "value":"#2"},
            {"name":"category", "value":"CEQ.INC000001078627.SISACT"},
            {"name":"internalPriority", "value":"Alta"},
            {"name":"owner", "value":"E751006"},
            {"name":"summary", "value":"PRM.INC000001078627.SISACT.CERTIFICACION"},
            {"name":"target", "value":"LT.FALLA.INC000001078627.SISACT/R.FALLA.INC000001078627.SISACT/02.INC000001078627.SISACT.CERTIFICACION"}
         ]
      },
      {
         "type":"promover", "parametro":[
            {"name":"@link_parent", "value":"#2"},
            {"name":"category", "value":"CEQ.INC000001078627.SISACT"},
            {"name":"internalPriority", "value":"Alta"},
            {"name":"owner", "value":"E751006"},
            {"name":"summary", "value":"PRM.INC000001078627.SISACT.COMITE_PP"},
            {"name":"target", "value":"LT.FALLA.INC000001078627.SISACT/R.FALLA.INC000001078627.SISACT/03.INC000001078627.SISACT.COMITE_PP"}
         ]
      },
      {
         "type":"promover", "parametro":[
            {"name":"@link_parent", "value":"#2"},
            {"name":"category", "value":"CEQ.INC000001078627.SISACT"},
            {"name":"internalPriority", "value":"Alta"},
            {"name":"owner", "value":"E751006"},
            {"name":"summary", "value":"PRM.INC000001078627.SISACT.PRODUCCION"},
            {"name":"target", "value":"LT.FALLA.INC000001078627.SISACT/R.FALLA.INC000001078627.SISACT/04.INC000001078627.SISACT.PRODUCCION"}
         ]
      },
      {
         "type":"authorization", "parametro":[
            {"name":"@link_parent", "value":"#3"},
            {"name":"category", "value":"CEQ.INC000001078627.SISACT"},
            {"name":"cod_project_au", "value":"INC000001078627"},
            {"name":"owner", "value":"C17096"},
            {"name":"summary", "value":"AUT.INC000001078627.SISACT.DESARROLLO"},
            {"name":"target", "value":"LT.FALLA.INC000001078627.SISACT/R.FALLA.INC000001078627.SISACT/01.INC000001078627.SISACT.DESARROLLO"}
         ]
      },
      {
         "type":"authorization", "parametro":[
            {"name":"@link_parent", "value":"#4"},
            {"name":"category", "value":"CEQ.INC000001078627.SISACT"},
            {"name":"cod_project_au", "value":"INC000001078627"},
            {"name":"owner", "value":"C17096"},
            {"name":"summary", "value":"AUT.INC000001078627.SISACT.CERTIFICACION"},
            {"name":"target", "value":"LT.FALLA.INC000001078627.SISACT/R.FALLA.INC000001078627.SISACT/02.INC000001078627.SISACT.CERTIFICACION"}
         ]
      },
      {
         "type":"task", "parametro":[
            {"name":"@link_related", "value":"#7"},
            {"name":"Acti_Cod_Project", "value":"INC000001078627"},
            {"name":"category", "value":"CEQ.INC000001078627.SISACT"},
            {"name":"Id_nombre_actividad", "value":"DES_FUENTES"},
            {"name":"id_proceso_negocio_Act", "value":"SOPORTE"},
            {"name":"internalPriority", "value":"Alta"},
            {"name":"owner", "value":"E700136"},
            {"name":"summary", "value":"ACT.INC000001078627.SISACT.DES_FUENTES"},
            {"name":"target", "value":"LT.FALLA.INC000001078627.SISACT/R.FALLA.INC000001078627.SISACT/01.INC000001078627.SISACT.DESARROLLO"},
            {"name":"tipo_gerencia_act", "value":"SOPORTE"},
            {"name":"tipo_proveedores", "value":"EVERIS"}
         ]
      },
      {
         "type":"task", "parametro":[
            {"name":"@link_related", "value":"#6"},
            {"name":"Acti_Cod_Project", "value":"INC000001078627"},
            {"name":"category", "value":"CEQ.INC000001078627.SISACT"},
            {"name":"Id_nombre_actividad", "value":"PRD_INSTALACION"},
            {"name":"id_proceso_negocio_Act", "value":"SOPORTE"},
            {"name":"internalPriority", "value":"Alta"},
            {"name":"owner", "value":"CORPORATIVO"},
            {"name":"summary", "value":"ACT.INC000001078627.SISACT.PRD_INSTALACION"},
            {"name":"target", "value":"LT.FALLA.INC000001078627.SISACT/R.FALLA.INC000001078627.SISACT/04.INC000001078627.SISACT.PRODUCCION"},
            {"name":"tipo_gerencia_act", "value":"SOPORTE"},
            {"name":"tipo_proveedores", "value":"EVERIS"}
         ]
      },
      {
         "type":"documentacion", "parametro":[
            {"name":"@link_related", "value":"#7"},
            {"name":"category", "value":"CEQ.INC000001078627.SISACT"},
            {"name":"owner", "value":"E700136"},
            {"name":"summary", "value":"DOC.INC000001078627.SISACT.DESARROLLO"},
            {"name":"target", "value":"LT.FALLA.INC000001078627.SISACT/R.FALLA.INC000001078627.SISACT/01.INC000001078627.SISACT.DESARROLLO"}
         ]
      }
   ]
}
