(14/05/2018 18:32:36) ******************************************************
(14/05/2018 18:32:36) Iniciando proceso de creacion de Workitem
(14/05/2018 18:32:36) Fecha/Hora (Inicio)	: 14/05/2018 18:32:36
(14/05/2018 18:32:36) Nro. Proceso		: 32317
(14/05/2018 18:32:36) Usuario			: fallas
(14/05/2018 18:32:36) Cliente			: 192.168.100.89
(14/05/2018 18:32:36) Cod. Remedy		: INC000001160594
(14/05/2018 18:32:36) Componente		: EAI
(14/05/2018 18:32:36) Soap Tecnico		: C18263
(14/05/2018 18:32:36) ******************************************************
(14/05/2018 18:32:36)
(14/05/2018 18:32:36) Creando workitems . . .
(14/05/2018 18:32:36) 
(14/05/2018 18:32:43) Se creo con exito: 115969|INC000001160594
(14/05/2018 18:32:54) Se creo con exito: 115970|FALLA.INC000001160594.EAI
(14/05/2018 18:33:02) Se creo con exito: 115971|PROM.INC000001160594.EAI.DESARROLLO
(14/05/2018 18:33:10) Se creo con exito: 115972|PROM.INC000001160594.EAI.CERTIFICACION
(14/05/2018 18:33:18) Se creo con exito: 115973|PROM.INC000001160594.EAI.COMITE_PP
(14/05/2018 18:33:27) Se creo con exito: 115974|PROM.INC000001160594.EAI.PRODUCCION
(14/05/2018 18:33:35) Se creo con exito: 115975|AUT.INC000001160594.EAI.DESARROLLO
(14/05/2018 18:33:44) Se creo con exito: 115976|AUT.INC000001160594.EAI.CERTIFICACION
(14/05/2018 18:33:52) Se creo con exito: 115977|ACT.INC000001160594.EAI.DES_FUENTES
(14/05/2018 18:34:00) Se creo con exito: 115978|ACT.INC000001160594.EAI.PRD_INSTALACION
(14/05/2018 18:34:07) Se creo con exito: 115979|DOC.INC000001160594.EAI.DESARROLLO
(14/05/2018 18:34:11) 
(14/05/2018 18:34:11) Proceso terminado.
