(14/03/2018 14:44:21) ******************************************************
(14/03/2018 14:44:21) Iniciando proceso de creacion de Workitem
(14/03/2018 14:44:21) Fecha/Hora (Inicio)	: 14/03/2018 14:44:21
(14/03/2018 14:44:21) Nro. Proceso		: 12999
(14/03/2018 14:44:21) Usuario			: fallas
(14/03/2018 14:44:21) Cliente			: 192.168.100.120
(14/03/2018 14:44:21) Cod. Remedy		: INC000001103958
(14/03/2018 14:44:21) Componente		: OSB
(14/03/2018 14:44:21) Soap Tecnico		: C14571
(14/03/2018 14:44:21) ******************************************************
(14/03/2018 14:44:21)
(14/03/2018 14:44:21) Creando workitems . . .
(14/03/2018 14:44:21) 
(14/03/2018 14:44:27) Se creo con exito: 103850|INC000001103958
(14/03/2018 14:44:54) Se creo con exito: 103852|FALLA.INC000001103958.OSB
(14/03/2018 14:45:23) Se creo con exito: 103854|PROM.INC000001103958.OSB.DESARROLLO
(14/03/2018 14:45:49) Se creo con exito: 103856|PROM.INC000001103958.OSB.CERTIFICACION
(14/03/2018 14:46:15) Se creo con exito: 103857|PROM.INC000001103958.OSB.COMITE_PP
(14/03/2018 14:46:39) Se creo con exito: 103858|PROM.INC000001103958.OSB.PRODUCCION
(14/03/2018 14:47:08) Se creo con exito: 103862|AUT.INC000001103958.OSB.DESARROLLO
(14/03/2018 14:47:38) Se creo con exito: 103863|AUT.INC000001103958.OSB.CERTIFICACION
(14/03/2018 14:48:03) Se creo con exito: 103864|ACT.INC000001103958.OSB.DES_FUENTES
(14/03/2018 14:48:27) Se creo con exito: 103866|ACT.INC000001103958.OSB.PRD_INSTALACION
(14/03/2018 14:50:22) Se creo con exito: 103872|DOC.INC000001103958.OSB.DESARROLLO
(14/03/2018 14:50:27) 
(14/03/2018 14:50:27) Proceso terminado.
