(14/05/2018 17:20:06) ******************************************************
(14/05/2018 17:20:06) Iniciando proceso de creacion de Workitem
(14/05/2018 17:20:06) Fecha/Hora (Inicio)	: 14/05/2018 17:20:06
(14/05/2018 17:20:06) Nro. Proceso		: 29054
(14/05/2018 17:20:06) Usuario			: fallas
(14/05/2018 17:20:06) Cliente			: 192.168.100.142
(14/05/2018 17:20:06) Cod. Remedy		: INC000001129331
(14/05/2018 17:20:06) Componente		: EAI
(14/05/2018 17:20:06) Soap Tecnico		: C18263
(14/05/2018 17:20:06) ******************************************************
(14/05/2018 17:20:06)
(14/05/2018 17:20:06) Creando workitems . . .
(14/05/2018 17:20:06) 
(14/05/2018 17:20:26) Se creo con exito: 115900|INC000001129331
(14/05/2018 17:20:40) Se creo con exito: 115901|FALLA.INC000001129331.EAI
(14/05/2018 17:20:47) Se creo con exito: 115902|PROM.INC000001129331.EAI.DESARROLLO
(14/05/2018 17:20:56) Se creo con exito: 115903|PROM.INC000001129331.EAI.CERTIFICACION
(14/05/2018 17:21:07) Se creo con exito: 115904|PROM.INC000001129331.EAI.COMITE_PP
(14/05/2018 17:21:16) Se creo con exito: 115905|PROM.INC000001129331.EAI.PRODUCCION
(14/05/2018 17:21:24) Se creo con exito: 115906|AUT.INC000001129331.EAI.DESARROLLO
(14/05/2018 17:21:33) Se creo con exito: 115907|AUT.INC000001129331.EAI.CERTIFICACION
(14/05/2018 17:21:41) Se creo con exito: 115908|ACT.INC000001129331.EAI.DES_FUENTES
(14/05/2018 17:21:48) Se creo con exito: 115909|ACT.INC000001129331.EAI.PRD_INSTALACION
(14/05/2018 17:21:55) Se creo con exito: 115910|DOC.INC000001129331.EAI.DESARROLLO
(14/05/2018 17:22:00) 
(14/05/2018 17:22:00) Proceso terminado.
