(03/07/2018 11:10:46) ******************************************************
(03/07/2018 11:10:46) Iniciando proceso de creacion de Workitem
(03/07/2018 11:10:46) Fecha/Hora (Inicio)\t: 03/07/2018 11:10:46
(03/07/2018 11:10:46) Nro. Proceso\t\t: 14909
(03/07/2018 11:10:46) Usuario\t\t\t: fallas
(03/07/2018 11:10:46) Cliente\t\t\t: 192.168.100.184
(03/07/2018 11:10:46) Cod. Remedy\t\t: INC000001159680
(03/07/2018 11:10:46) Componente\t\t: EAI
(03/07/2018 11:10:46) Soap Tecnico\t\t: C18749
(03/07/2018 11:10:46) ******************************************************
(03/07/2018 11:10:46)
(03/07/2018 11:10:46) Creando workitems . . .
(03/07/2018 11:10:46) 
{
   "auditoria":{
      "repository":"https://172.19.112.112:9443/ccm/",
      "username":"E700911",
      "password":"Jul2018+",
      "area":"02.GESTION.FALLAS.4"
   },
   "workitem":[
      {
         "type":"com.ibm.team.workitem.workItemType.milestone", "parametro":[
            {"name":"Cod_Proyect_Obj", "value":"INC000001159680"},
            {"name":"id.proyecto.solicutd", "value":"NO"},
            {"name":"internalPriority", "value":"Alta"},
            {"name":"owner", "value":"C17096"},
            {"name":"Proyecto.Responsable", "value":"C17096"},
            {"name":"summary", "value":"INC000001159680"},
            {"name":"tipo.proyecto.solicitud", "value":"Requerimientos"},
            {"name":"tipo_gerencia_objec", "value":"SOPORTE"},
            {"name":"tipo_proveedores_object", "value":"EVERIS"}
         ]
      },
      {
         "type":"com.ibm.team.workitem.workItemType.businessneed", "parametro":[
            {"name":"@link_parent", "value":"#1"},
            {"name":"Aplicacion", "value":"EAI"},
            {"name":"category", "value":"CEQ.INC000001159680.EAI"},
            {"name":"Cod_Proyec_Sol", "value":"INC000001159680"},
            {"name":"Coordinador_de_Desarrollo", "value":"E700136"},
            {"name":"description", "value":"INC000001159680"},
            {"name":"Falla.Responsable", "value":"C17096"},
            {"name":"id_urgencias00", "value":"NO"},
            {"name":"internalPriority", "value":"Alta"},
            {"name":"owner", "value":"C17096"},
            {"name":"summary", "value":"FALLA.INC000001159680.EAI"},
            {"name":"target", "value":"LT.FALLA.INC000001159680.EAI/R.FALLA.INC000001159680.EAI/01.INC000001159680.EAI.DESARROLLO"},
            {"name":"tipo.gerencia.sol", "value":"SOPORTE"},
            {"name":"tipo.proveedores.sol", "value":"EVERIS"},
            {"name":"type.solicitud", "value":"Requerimientos"}
         ]
      },
      {
         "type":"promover", "parametro":[
            {"name":"@link_parent", "value":"#2"},
            {"name":"category", "value":"CEQ.INC000001159680.EAI"},
            {"name":"internalPriority", "value":"Alta"},
            {"name":"owner", "value":"E751006"},
            {"name":"summary", "value":"PRM.INC000001159680.EAI.DESARROLLO"},
            {"name":"target", "value":"LT.FALLA.INC000001159680.EAI/R.FALLA.INC000001159680.EAI/01.INC000001159680.EAI.DESARROLLO"}
         ]
      },
      {
         "type":"promover", "parametro":[
            {"name":"@link_parent", "value":"#2"},
            {"name":"category", "value":"CEQ.INC000001159680.EAI"},
            {"name":"internalPriority", "value":"Alta"},
            {"name":"owner", "value":"E751006"},
            {"name":"summary", "value":"PRM.INC000001159680.EAI.CERTIFICACION"},
            {"name":"target", "value":"LT.FALLA.INC000001159680.EAI/R.FALLA.INC000001159680.EAI/02.INC000001159680.EAI.CERTIFICACION"}
         ]
      },
      {
         "type":"promover", "parametro":[
            {"name":"@link_parent", "value":"#2"},
            {"name":"category", "value":"CEQ.INC000001159680.EAI"},
            {"name":"internalPriority", "value":"Alta"},
            {"name":"owner", "value":"E751006"},
            {"name":"summary", "value":"PRM.INC000001159680.EAI.COMITE_PP"},
            {"name":"target", "value":"LT.FALLA.INC000001159680.EAI/R.FALLA.INC000001159680.EAI/03.INC000001159680.EAI.COMITE_PP"}
         ]
      },
      {
         "type":"promover", "parametro":[
            {"name":"@link_parent", "value":"#2"},
            {"name":"category", "value":"CEQ.INC000001159680.EAI"},
            {"name":"internalPriority", "value":"Alta"},
            {"name":"owner", "value":"E751006"},
            {"name":"summary", "value":"PRM.INC000001159680.EAI.PRODUCCION"},
            {"name":"target", "value":"LT.FALLA.INC000001159680.EAI/R.FALLA.INC000001159680.EAI/04.INC000001159680.EAI.PRODUCCION"}
         ]
      },
      {
         "type":"authorization", "parametro":[
            {"name":"@link_parent", "value":"#3"},
            {"name":"category", "value":"CEQ.INC000001159680.EAI"},
            {"name":"cod_project_au", "value":"INC000001159680"},
            {"name":"owner", "value":"C17096"},
            {"name":"summary", "value":"AUT.INC000001159680.EAI.DESARROLLO"},
            {"name":"target", "value":"LT.FALLA.INC000001159680.EAI/R.FALLA.INC000001159680.EAI/01.INC000001159680.EAI.DESARROLLO"}
         ]
      },
      {
         "type":"authorization", "parametro":[
            {"name":"@link_parent", "value":"#4"},
            {"name":"category", "value":"CEQ.INC000001159680.EAI"},
            {"name":"cod_project_au", "value":"INC000001159680"},
            {"name":"owner", "value":"C17096"},
            {"name":"summary", "value":"AUT.INC000001159680.EAI.CERTIFICACION"},
            {"name":"target", "value":"LT.FALLA.INC000001159680.EAI/R.FALLA.INC000001159680.EAI/02.INC000001159680.EAI.CERTIFICACION"}
         ]
      },
      {
         "type":"task", "parametro":[
            {"name":"@link_related", "value":"#7"},
            {"name":"Acti_Cod_Project", "value":"INC000001159680"},
            {"name":"category", "value":"CEQ.INC000001159680.EAI"},
            {"name":"Id_nombre_actividad", "value":"DES_FUENTES"},
            {"name":"id_proceso_negocio_Act", "value":"SOPORTE"},
            {"name":"internalPriority", "value":"Alta"},
            {"name":"owner", "value":"E700136"},
            {"name":"summary", "value":"ACT.INC000001159680.EAI.DES_FUENTES"},
            {"name":"target", "value":"LT.FALLA.INC000001159680.EAI/R.FALLA.INC000001159680.EAI/01.INC000001159680.EAI.DESARROLLO"},
            {"name":"tipo_gerencia_act", "value":"SOPORTE"},
            {"name":"tipo_proveedores", "value":"EVERIS"}
         ]
      },
      {
         "type":"task", "parametro":[
            {"name":"@link_related", "value":"#6"},
            {"name":"Acti_Cod_Project", "value":"INC000001159680"},
            {"name":"category", "value":"CEQ.INC000001159680.EAI"},
            {"name":"Id_nombre_actividad", "value":"PRD_INSTALACION"},
            {"name":"id_proceso_negocio_Act", "value":"SOPORTE"},
            {"name":"internalPriority", "value":"Alta"},
            {"name":"owner", "value":"C18749"},
            {"name":"summary", "value":"ACT.INC000001159680.EAI.PRD_INSTALACION"},
            {"name":"target", "value":"LT.FALLA.INC000001159680.EAI/R.FALLA.INC000001159680.EAI/04.INC000001159680.EAI.PRODUCCION"},
            {"name":"tipo_gerencia_act", "value":"SOPORTE"},
            {"name":"tipo_proveedores", "value":"EVERIS"}
         ]
      },
      {
         "type":"documentacion", "parametro":[
            {"name":"@link_related", "value":"#7"},
            {"name":"category", "value":"CEQ.INC000001159680.EAI"},
            {"name":"owner", "value":"E700136"},
            {"name":"summary", "value":"DOC.INC000001159680.EAI.DESARROLLO"},
            {"name":"target", "value":"LT.FALLA.INC000001159680.EAI/R.FALLA.INC000001159680.EAI/01.INC000001159680.EAI.DESARROLLO"}
         ]
      }
   ]
}
{
  "codigoError": "0",
  "mensajeError": "Proceso exitoso.",
  "listaWorkitem": [
    "124260|INC000001159680",
    "124261|FALLA.INC000001159680.EAI",
    "124262|PRM.INC000001159680.EAI.DESARROLLO",
    "124263|PRM.INC000001159680.EAI.CERTIFICACION",
    "124264|PRM.INC000001159680.EAI.COMITE_PP",
    "124265|PRM.INC000001159680.EAI.PRODUCCION",
    "124266|AUT.INC000001159680.EAI.DESARROLLO",
    "124267|AUT.INC000001159680.EAI.CERTIFICACION",
    "124268|ACT.INC000001159680.EAI.DES_FUENTES",
    "124269|ACT.INC000001159680.EAI.PRD_INSTALACION",
    "124270|DOC.INC000001159680.EAI.DESARROLLO"
  ]
}
(03/07/2018 11:11:26) Proceso exitoso.
(03/07/2018 11:11:27) 
(03/07/2018 11:11:27) Ejecucion terminada en 41 segundos
