(30/04/2018 17:56:18) ******************************************************
(30/04/2018 17:56:18) Iniciando proceso de creacion de Workitem
(30/04/2018 17:56:18) Fecha/Hora (Inicio)	: 30/04/2018 17:56:18
(30/04/2018 17:56:18) Nro. Proceso		: 13569
(30/04/2018 17:56:18) Usuario			: fallas
(30/04/2018 17:56:18) Cliente			: 192.168.100.145
(30/04/2018 17:56:18) Cod. Remedy		: INC000001135064
(30/04/2018 17:56:18) Componente		: EAI
(30/04/2018 17:56:18) Soap Tecnico		: C14571
(30/04/2018 17:56:18) ******************************************************
(30/04/2018 17:56:18)
(30/04/2018 17:56:18) Creando workitems . . .
(30/04/2018 17:56:18) 
(30/04/2018 17:56:37) Se creo con exito: 114210|INC000001135064
(30/04/2018 17:56:50) Se creo con exito: 114211|FALLA.INC000001135064.EAI
(30/04/2018 17:56:56) Se creo con exito: 114212|PROM.INC000001135064.EAI.DESARROLLO
(30/04/2018 17:57:02) Se creo con exito: 114213|PROM.INC000001135064.EAI.CERTIFICACION
(30/04/2018 17:57:07) Se creo con exito: 114214|PROM.INC000001135064.EAI.COMITE_PP
(30/04/2018 17:57:16) Se creo con exito: 114215|PROM.INC000001135064.EAI.PRODUCCION
(30/04/2018 17:57:22) Se creo con exito: 114216|AUT.INC000001135064.EAI.DESARROLLO
(30/04/2018 17:57:29) Se creo con exito: 114217|AUT.INC000001135064.EAI.CERTIFICACION
(30/04/2018 17:57:35) Se creo con exito: 114218|ACT.INC000001135064.EAI.DES_FUENTES
(30/04/2018 17:57:41) Se creo con exito: 114219|ACT.INC000001135064.EAI.PRD_INSTALACION
(30/04/2018 17:57:47) Se creo con exito: 114220|DOC.INC000001135064.EAI.DESARROLLO
(30/04/2018 17:57:53) 
(30/04/2018 17:57:53) Proceso terminado.
