(14/05/2018 15:25:43) ******************************************************
(14/05/2018 15:25:43) Iniciando proceso de creacion de Workitem
(14/05/2018 15:25:43) Fecha/Hora (Inicio)	: 14/05/2018 15:25:43
(14/05/2018 15:25:43) Nro. Proceso		: 28071
(14/05/2018 15:25:43) Usuario			: fallas
(14/05/2018 15:25:43) Cliente			: 192.168.100.86
(14/05/2018 15:25:43) Cod. Remedy		: INC000001163938
(14/05/2018 15:25:43) Componente		: EAI
(14/05/2018 15:25:43) Soap Tecnico		: C18263
(14/05/2018 15:25:43) ******************************************************
(14/05/2018 15:25:43)
(14/05/2018 15:25:43) Creando workitems . . .
(14/05/2018 15:25:43) 
(14/05/2018 15:26:10) Se creo con exito: 115884|INC000001163938
(14/05/2018 15:26:17) Se creo con exito: 115885|FALLA.INC000001163938.EAI
(14/05/2018 15:26:24) Se creo con exito: 115886|PROM.INC000001163938.EAI.DESARROLLO
(14/05/2018 15:26:31) Se creo con exito: 115887|PROM.INC000001163938.EAI.CERTIFICACION
(14/05/2018 15:26:38) Se creo con exito: 115888|PROM.INC000001163938.EAI.COMITE_PP
(14/05/2018 15:26:45) Se creo con exito: 115889|PROM.INC000001163938.EAI.PRODUCCION
(14/05/2018 15:26:53) Se creo con exito: 115891|AUT.INC000001163938.EAI.DESARROLLO
(14/05/2018 15:27:01) Se creo con exito: 115892|AUT.INC000001163938.EAI.CERTIFICACION
(14/05/2018 15:27:10) Se creo con exito: 115893|ACT.INC000001163938.EAI.DES_FUENTES
(14/05/2018 15:27:19) Se creo con exito: 115894|ACT.INC000001163938.EAI.PRD_INSTALACION
(14/05/2018 15:27:27) Se creo con exito: 115895|DOC.INC000001163938.EAI.DESARROLLO
(14/05/2018 15:27:31) 
(14/05/2018 15:27:31) Proceso terminado.
