(14/05/2018 10:57:14) ******************************************************
(14/05/2018 10:57:14) Iniciando proceso de creacion de Workitem
(14/05/2018 10:57:14) Fecha/Hora (Inicio)	: 14/05/2018 10:57:14
(14/05/2018 10:57:14) Nro. Proceso		: 26137
(14/05/2018 10:57:14) Usuario			: fallas
(14/05/2018 10:57:14) Cliente			: 192.168.100.57
(14/05/2018 10:57:14) Cod. Remedy		: INC000001173601
(14/05/2018 10:57:14) Componente		: OSB
(14/05/2018 10:57:14) Soap Tecnico		: C18749
(14/05/2018 10:57:14) ******************************************************
(14/05/2018 10:57:14)
(14/05/2018 10:57:14) Creando workitems . . .
(14/05/2018 10:57:14) 
(14/05/2018 10:57:26) Se creo con exito: 115806|INC000001173601
(14/05/2018 10:57:41) Se creo con exito: 115807|FALLA.INC000001173601.OSB
(14/05/2018 10:57:53) Se creo con exito: 115808|PROM.INC000001173601.OSB.DESARROLLO
(14/05/2018 10:58:06) Se creo con exito: 115809|PROM.INC000001173601.OSB.CERTIFICACION
(14/05/2018 10:58:19) Se creo con exito: 115811|PROM.INC000001173601.OSB.COMITE_PP
(14/05/2018 10:58:28) Se creo con exito: 115812|PROM.INC000001173601.OSB.PRODUCCION
(14/05/2018 10:58:36) Se creo con exito: 115813|AUT.INC000001173601.OSB.DESARROLLO
(14/05/2018 10:58:44) Se creo con exito: 115814|AUT.INC000001173601.OSB.CERTIFICACION
(14/05/2018 10:58:53) Se creo con exito: 115815|ACT.INC000001173601.OSB.DES_FUENTES
(14/05/2018 10:59:08) Se creo con exito: 115816|ACT.INC000001173601.OSB.PRD_INSTALACION
(14/05/2018 10:59:25) Se creo con exito: 115817|DOC.INC000001173601.OSB.DESARROLLO
(14/05/2018 10:59:29) 
(14/05/2018 10:59:29) Proceso terminado.
