(14/05/2018 18:34:44) ******************************************************
(14/05/2018 18:34:44) Iniciando proceso de creacion de Workitem
(14/05/2018 18:34:44) Fecha/Hora (Inicio)	: 14/05/2018 18:34:44
(14/05/2018 18:34:44) Nro. Proceso		: 510
(14/05/2018 18:34:44) Usuario			: fallas
(14/05/2018 18:34:44) Cliente			: 192.168.100.89
(14/05/2018 18:34:44) Cod. Remedy		: INC000001160594
(14/05/2018 18:34:44) Componente		: PVUDB
(14/05/2018 18:34:44) Soap Tecnico		: C12101
(14/05/2018 18:34:44) ******************************************************
(14/05/2018 18:34:44)
(14/05/2018 18:34:44) Creando workitems . . .
(14/05/2018 18:34:44) 
(14/05/2018 18:34:51) Se creo con exito: 115980|INC000001160594
(14/05/2018 18:35:00) Se creo con exito: 115981|FALLA.INC000001160594.PVUDB
(14/05/2018 18:35:08) Se creo con exito: 115982|PROM.INC000001160594.PVUDB.DESARROLLO
(14/05/2018 18:35:17) Se creo con exito: 115983|PROM.INC000001160594.PVUDB.CERTIFICACION
(14/05/2018 18:35:25) Se creo con exito: 115984|PROM.INC000001160594.PVUDB.COMITE_PP
(14/05/2018 18:35:33) Se creo con exito: 115985|PROM.INC000001160594.PVUDB.PRODUCCION
(14/05/2018 18:35:41) Se creo con exito: 115986|AUT.INC000001160594.PVUDB.DESARROLLO
(14/05/2018 18:35:49) Se creo con exito: 115987|AUT.INC000001160594.PVUDB.CERTIFICACION
(14/05/2018 18:35:57) Se creo con exito: 115988|ACT.INC000001160594.PVUDB.DES_FUENTES
(14/05/2018 18:36:05) Se creo con exito: 115989|ACT.INC000001160594.PVUDB.PRD_INSTALACION
(14/05/2018 18:36:13) Se creo con exito: 115990|DOC.INC000001160594.PVUDB.DESARROLLO
(14/05/2018 18:36:17) 
(14/05/2018 18:36:17) Proceso terminado.
