(14/05/2018 18:29:41) ******************************************************
(14/05/2018 18:29:41) Iniciando proceso de creacion de Workitem
(14/05/2018 18:29:41) Fecha/Hora (Inicio)	: 14/05/2018 18:29:41
(14/05/2018 18:29:41) Nro. Proceso		: 31619
(14/05/2018 18:29:41) Usuario			: fallas
(14/05/2018 18:29:41) Cliente			: 192.168.100.89
(14/05/2018 18:29:41) Cod. Remedy		: INC000001166306
(14/05/2018 18:29:41) Componente		: EAI
(14/05/2018 18:29:41) Soap Tecnico		: C18263
(14/05/2018 18:29:41) ******************************************************
(14/05/2018 18:29:41)
(14/05/2018 18:29:41) Creando workitems . . .
(14/05/2018 18:29:41) 
(14/05/2018 18:29:47) Se creo con exito: 115958|INC000001166306
(14/05/2018 18:30:04) Se creo con exito: 115959|FALLA.INC000001166306.EAI
(14/05/2018 18:30:14) Se creo con exito: 115960|PROM.INC000001166306.EAI.DESARROLLO
(14/05/2018 18:30:22) Se creo con exito: 115961|PROM.INC000001166306.EAI.CERTIFICACION
(14/05/2018 18:30:46) Se creo con exito: 115962|PROM.INC000001166306.EAI.COMITE_PP
(14/05/2018 18:30:56) Se creo con exito: 115963|PROM.INC000001166306.EAI.PRODUCCION
(14/05/2018 18:31:20) Se creo con exito: 115964|AUT.INC000001166306.EAI.DESARROLLO
(14/05/2018 18:31:28) Se creo con exito: 115965|AUT.INC000001166306.EAI.CERTIFICACION
(14/05/2018 18:31:35) Se creo con exito: 115966|ACT.INC000001166306.EAI.DES_FUENTES
(14/05/2018 18:31:51) Se creo con exito: 115967|ACT.INC000001166306.EAI.PRD_INSTALACION
(14/05/2018 18:32:07) Se creo con exito: 115968|DOC.INC000001166306.EAI.DESARROLLO
(14/05/2018 18:32:11) 
(14/05/2018 18:32:11) Proceso terminado.
