(14/05/2018 18:01:28) ******************************************************
(14/05/2018 18:01:28) Iniciando proceso de creacion de Workitem
(14/05/2018 18:01:28) Fecha/Hora (Inicio)	: 14/05/2018 18:01:28
(14/05/2018 18:01:28) Nro. Proceso		: 30087
(14/05/2018 18:01:28) Usuario			: fallas
(14/05/2018 18:01:28) Cliente			: 192.168.100.89
(14/05/2018 18:01:28) Cod. Remedy		: INC000001129331
(14/05/2018 18:01:28) Componente		: PVUDB
(14/05/2018 18:01:28) Soap Tecnico		: C12101
(14/05/2018 18:01:28) ******************************************************
(14/05/2018 18:01:28)
(14/05/2018 18:01:28) Creando workitems . . .
(14/05/2018 18:01:28) 
(14/05/2018 18:01:39) Se creo con exito: 115920|INC000001129331
(14/05/2018 18:01:53) Se creo con exito: 115921|FALLA.INC000001129331.PVUDB
(14/05/2018 18:02:00) Se creo con exito: 115922|PROM.INC000001129331.PVUDB.DESARROLLO
(14/05/2018 18:02:07) Se creo con exito: 115923|PROM.INC000001129331.PVUDB.CERTIFICACION
(14/05/2018 18:02:15) Se creo con exito: 115924|PROM.INC000001129331.PVUDB.COMITE_PP
(14/05/2018 18:02:22) Se creo con exito: 115925|PROM.INC000001129331.PVUDB.PRODUCCION
(14/05/2018 18:02:33) Se creo con exito: 115926|AUT.INC000001129331.PVUDB.DESARROLLO
(14/05/2018 18:02:42) Se creo con exito: 115927|AUT.INC000001129331.PVUDB.CERTIFICACION
(14/05/2018 18:02:50) Se creo con exito: 115928|ACT.INC000001129331.PVUDB.DES_FUENTES
(14/05/2018 18:02:57) Se creo con exito: 115929|ACT.INC000001129331.PVUDB.PRD_INSTALACION
(14/05/2018 18:03:04) Se creo con exito: 115930|DOC.INC000001129331.PVUDB.DESARROLLO
(14/05/2018 18:03:10) 
(14/05/2018 18:03:10) Proceso terminado.
