(21/05/2018 14:42:32) ******************************************************
(21/05/2018 14:42:32) Iniciando proceso de creacion de Workitem
(21/05/2018 14:42:32) Fecha/Hora (Inicio)	: 21/05/2018 14:42:32
(21/05/2018 14:42:32) Nro. Proceso		: 17306
(21/05/2018 14:42:32) Usuario			: fallas
(21/05/2018 14:42:32) Cliente			: 192.168.100.127
(21/05/2018 14:42:32) Cod. Remedy		: INC000001166302
(21/05/2018 14:42:32) Componente		: SHELLS_VENTAS
(21/05/2018 14:42:32) Soap Tecnico		: C12101
(21/05/2018 14:42:32) ******************************************************
(21/05/2018 14:42:32)
(21/05/2018 14:42:32) Creando workitems . . .
(21/05/2018 14:42:32) 
(21/05/2018 14:42:39) Se creo con exito: 116809|INC000001166302
(21/05/2018 14:42:49) Se creo con exito: 116810|FALLA.INC000001166302.SHELLS_VENTAS
(21/05/2018 14:43:00) Se creo con exito: 116811|PROM.INC000001166302.SHELLS_VENTAS.DESARROLLO
(21/05/2018 14:43:09) Se creo con exito: 116812|PROM.INC000001166302.SHELLS_VENTAS.CERTIFICACION
(21/05/2018 14:43:21) Se creo con exito: 116813|PROM.INC000001166302.SHELLS_VENTAS.COMITE_PP
(21/05/2018 14:43:31) Se creo con exito: 116814|PROM.INC000001166302.SHELLS_VENTAS.PRODUCCION
(21/05/2018 14:43:42) Se creo con exito: 116815|AUT.INC000001166302.SHELLS_VENTAS.DESARROLLO
(21/05/2018 14:43:53) Se creo con exito: 116817|AUT.INC000001166302.SHELLS_VENTAS.CERTIFICACION
(21/05/2018 14:44:03) Se creo con exito: 116818|ACT.INC000001166302.SHELLS_VENTAS.DES_FUENTES
(21/05/2018 14:44:14) Se creo con exito: 116819|ACT.INC000001166302.SHELLS_VENTAS.PRD_INSTALACION
(21/05/2018 14:44:24) Se creo con exito: 116820|DOC.INC000001166302.SHELLS_VENTAS.DESARROLLO
(21/05/2018 14:44:29) 
(21/05/2018 14:44:29) Proceso terminado.
