(09/04/2018 18:29:27) ******************************************************
(09/04/2018 18:29:27) Iniciando proceso de creacion de Workitem
(09/04/2018 18:29:27) Fecha/Hora (Inicio)	: 09/04/2018 18:29:27
(09/04/2018 18:29:27) Nro. Proceso		: 19661
(09/04/2018 18:29:27) Usuario			: fallas
(09/04/2018 18:29:27) Cliente			: 192.168.100.71
(09/04/2018 18:29:27) Cod. Remedy		: INC000001117897
(09/04/2018 18:29:27) Componente		: PROCPP_MIG
(09/04/2018 18:29:27) Soap Tecnico		: C14571
(09/04/2018 18:29:27) ******************************************************
(09/04/2018 18:29:27)
(09/04/2018 18:29:27) Creando workitems . . .
(09/04/2018 18:29:27) 
(09/04/2018 18:29:46) Se creo con exito: 109642|INC000001117897
(09/04/2018 18:30:26) Se creo con exito: 109644|FALLA.INC000001117897.PROCPP_MIG
(09/04/2018 18:30:49) Se creo con exito: 109645|PROM.INC000001117897.PROCPP_MIG.DESARROLLO
(09/04/2018 18:31:13) Se creo con exito: 109646|PROM.INC000001117897.PROCPP_MIG.CERTIFICACION
(09/04/2018 18:31:39) Se creo con exito: 109648|PROM.INC000001117897.PROCPP_MIG.COMITE_PP
(09/04/2018 18:32:04) Se creo con exito: 109650|PROM.INC000001117897.PROCPP_MIG.PRODUCCION
(09/04/2018 18:32:30) Se creo con exito: 109651|AUT.INC000001117897.PROCPP_MIG.DESARROLLO
(09/04/2018 18:32:57) Se creo con exito: 109652|AUT.INC000001117897.PROCPP_MIG.CERTIFICACION
(09/04/2018 18:33:21) Se creo con exito: 109653|ACT.INC000001117897.PROCPP_MIG.DES_FUENTES
(09/04/2018 18:33:45) Se creo con exito: 109655|ACT.INC000001117897.PROCPP_MIG.PRD_INSTALACION
(09/04/2018 18:34:19) Se creo con exito: 109656|DOC.INC000001117897.PROCPP_MIG.DESARROLLO
(09/04/2018 18:34:24) 
(09/04/2018 18:34:24) Proceso terminado.
