(14/06/2018 10:49:33) ******************************************************
(14/06/2018 10:49:33) Iniciando proceso de creacion de Workitem
(14/06/2018 10:49:33) Fecha/Hora (Inicio)\t: 14/06/2018 10:49:33
(14/06/2018 10:49:33) Nro. Proceso\t\t: 1888
(14/06/2018 10:49:33) Usuario\t\t\t: fallas
(14/06/2018 10:49:33) Cliente\t\t\t: 192.168.100.168
(14/06/2018 10:49:33) Cod. Remedy\t\t: INC000001119921
(14/06/2018 10:49:33) Componente\t\t: TIM-FTP1
(14/06/2018 10:49:33) Soap Tecnico\t\t: E700827
(14/06/2018 10:49:33) ******************************************************
(14/06/2018 10:49:33)
(14/06/2018 10:49:33) Creando workitems . . .
(14/06/2018 10:49:33) 
{
   "auditoria":{
      "repository":"https://172.19.112.112:9443/ccm/",
      "username":"E700911",
      "password":"Jun2018+",
      "area":"02.GESTION.FALLAS.3"
   },
   "workitem":[
      {
         "type":"com.ibm.team.workitem.workItemType.milestone", "parametro":[
            {"name":"Cod_Proyect_Obj", "value":"INC000001119921"},
            {"name":"id.proyecto.solicutd", "value":"NO"},
            {"name":"internalPriority", "value":"Alta"},
            {"name":"owner", "value":"C17096"},
            {"name":"Proyecto.Responsable", "value":"C17096"},
            {"name":"summary", "value":"INC000001119921"},
            {"name":"tipo.proyecto.solicitud", "value":"Requerimientos"},
            {"name":"tipo_gerencia_objec", "value":"SOPORTE"},
            {"name":"tipo_proveedores_object", "value":"EVERIS"}
         ]
      },
      {
         "type":"com.ibm.team.workitem.workItemType.businessneed", "parametro":[
            {"name":"@link_parent", "value":"#1"},
            {"name":"Aplicacion", "value":"TIM-FTP1"},
            {"name":"category", "value":"CEQ.INC000001119921.TIM-FTP1"},
            {"name":"Cod_Proyec_Sol", "value":"INC000001119921"},
            {"name":"Coordinador_de_Desarrollo", "value":"E700136"},
            {"name":"description", "value":"INC000001119921"},
            {"name":"Falla.Responsable", "value":"C17096"},
            {"name":"id_urgencias00", "value":"NO"},
            {"name":"internalPriority", "value":"Alta"},
            {"name":"owner", "value":"C17096"},
            {"name":"summary", "value":"FALLA.INC000001119921.TIM-FTP1"},
            {"name":"target", "value":"LT.FALLA.INC000001119921.TIM-FTP1/R.FALLA.INC000001119921.TIM-FTP1/01.INC000001119921.TIM-FTP1.DESARROLLO"},
            {"name":"tipo.gerencia.sol", "value":"SOPORTE"},
            {"name":"tipo.proveedores.sol", "value":"EVERIS"},
            {"name":"type.solicitud", "value":"Requerimientos"}
         ]
      },
      {
         "type":"promover", "parametro":[
            {"name":"@link_parent", "value":"#2"},
            {"name":"category", "value":"CEQ.INC000001119921.TIM-FTP1"},
            {"name":"internalPriority", "value":"Alta"},
            {"name":"owner", "value":"E751006"},
            {"name":"summary", "value":"PRM.INC000001119921.TIM-FTP1.DESARROLLO"},
            {"name":"target", "value":"LT.FALLA.INC000001119921.TIM-FTP1/R.FALLA.INC000001119921.TIM-FTP1/01.INC000001119921.TIM-FTP1.DESARROLLO"}
         ]
      },
      {
         "type":"promover", "parametro":[
            {"name":"@link_parent", "value":"#2"},
            {"name":"category", "value":"CEQ.INC000001119921.TIM-FTP1"},
            {"name":"internalPriority", "value":"Alta"},
            {"name":"owner", "value":"E751006"},
            {"name":"summary", "value":"PRM.INC000001119921.TIM-FTP1.CERTIFICACION"},
            {"name":"target", "value":"LT.FALLA.INC000001119921.TIM-FTP1/R.FALLA.INC000001119921.TIM-FTP1/02.INC000001119921.TIM-FTP1.CERTIFICACION"}
         ]
      },
      {
         "type":"promover", "parametro":[
            {"name":"@link_parent", "value":"#2"},
            {"name":"category", "value":"CEQ.INC000001119921.TIM-FTP1"},
            {"name":"internalPriority", "value":"Alta"},
            {"name":"owner", "value":"E751006"},
            {"name":"summary", "value":"PRM.INC000001119921.TIM-FTP1.COMITE_PP"},
            {"name":"target", "value":"LT.FALLA.INC000001119921.TIM-FTP1/R.FALLA.INC000001119921.TIM-FTP1/03.INC000001119921.TIM-FTP1.COMITE_PP"}
         ]
      },
      {
         "type":"promover", "parametro":[
            {"name":"@link_parent", "value":"#2"},
            {"name":"category", "value":"CEQ.INC000001119921.TIM-FTP1"},
            {"name":"internalPriority", "value":"Alta"},
            {"name":"owner", "value":"E751006"},
            {"name":"summary", "value":"PRM.INC000001119921.TIM-FTP1.PRODUCCION"},
            {"name":"target", "value":"LT.FALLA.INC000001119921.TIM-FTP1/R.FALLA.INC000001119921.TIM-FTP1/04.INC000001119921.TIM-FTP1.PRODUCCION"}
         ]
      },
      {
         "type":"authorization", "parametro":[
            {"name":"@link_parent", "value":"#3"},
            {"name":"category", "value":"CEQ.INC000001119921.TIM-FTP1"},
            {"name":"cod_project_au", "value":"INC000001119921"},
            {"name":"owner", "value":"C17096"},
            {"name":"summary", "value":"AUT.INC000001119921.TIM-FTP1.DESARROLLO"},
            {"name":"target", "value":"LT.FALLA.INC000001119921.TIM-FTP1/R.FALLA.INC000001119921.TIM-FTP1/01.INC000001119921.TIM-FTP1.DESARROLLO"}
         ]
      },
      {
         "type":"authorization", "parametro":[
            {"name":"@link_parent", "value":"#4"},
            {"name":"category", "value":"CEQ.INC000001119921.TIM-FTP1"},
            {"name":"cod_project_au", "value":"INC000001119921"},
            {"name":"owner", "value":"C17096"},
            {"name":"summary", "value":"AUT.INC000001119921.TIM-FTP1.CERTIFICACION"},
            {"name":"target", "value":"LT.FALLA.INC000001119921.TIM-FTP1/R.FALLA.INC000001119921.TIM-FTP1/02.INC000001119921.TIM-FTP1.CERTIFICACION"}
         ]
      },
      {
         "type":"task", "parametro":[
            {"name":"@link_related", "value":"#7"},
            {"name":"Acti_Cod_Project", "value":"INC000001119921"},
            {"name":"category", "value":"CEQ.INC000001119921.TIM-FTP1"},
            {"name":"Id_nombre_actividad", "value":"DES_FUENTES"},
            {"name":"id_proceso_negocio_Act", "value":"SOPORTE"},
            {"name":"internalPriority", "value":"Alta"},
            {"name":"owner", "value":"E700136"},
            {"name":"summary", "value":"ACT.INC000001119921.TIM-FTP1.DES_FUENTES"},
            {"name":"target", "value":"LT.FALLA.INC000001119921.TIM-FTP1/R.FALLA.INC000001119921.TIM-FTP1/01.INC000001119921.TIM-FTP1.DESARROLLO"},
            {"name":"tipo_gerencia_act", "value":"SOPORTE"},
            {"name":"tipo_proveedores", "value":"EVERIS"}
         ]
      },
      {
         "type":"task", "parametro":[
            {"name":"@link_related", "value":"#6"},
            {"name":"Acti_Cod_Project", "value":"INC000001119921"},
            {"name":"category", "value":"CEQ.INC000001119921.TIM-FTP1"},
            {"name":"Id_nombre_actividad", "value":"PRD_INSTALACION"},
            {"name":"id_proceso_negocio_Act", "value":"SOPORTE"},
            {"name":"internalPriority", "value":"Alta"},
            {"name":"owner", "value":"E700827"},
            {"name":"summary", "value":"ACT.INC000001119921.TIM-FTP1.PRD_INSTALACION"},
            {"name":"target", "value":"LT.FALLA.INC000001119921.TIM-FTP1/R.FALLA.INC000001119921.TIM-FTP1/04.INC000001119921.TIM-FTP1.PRODUCCION"},
            {"name":"tipo_gerencia_act", "value":"SOPORTE"},
            {"name":"tipo_proveedores", "value":"EVERIS"}
         ]
      },
      {
         "type":"documentacion", "parametro":[
            {"name":"@link_related", "value":"#7"},
            {"name":"category", "value":"CEQ.INC000001119921.TIM-FTP1"},
            {"name":"owner", "value":"E700136"},
            {"name":"summary", "value":"DOC.INC000001119921.TIM-FTP1.DESARROLLO"},
            {"name":"target", "value":"LT.FALLA.INC000001119921.TIM-FTP1/R.FALLA.INC000001119921.TIM-FTP1/01.INC000001119921.TIM-FTP1.DESARROLLO"}
         ]
      }
   ]
}
{
  "codigoError": "0",
  "mensajeError": "Proceso exitoso.",
  "listaWorkitem": [
    "121134|INC000001119921",
    "121135|FALLA.INC000001119921.TIM-FTP1",
    "121136|PRM.INC000001119921.TIM-FTP1.DESARROLLO",
    "121137|PRM.INC000001119921.TIM-FTP1.CERTIFICACION",
    "121138|PRM.INC000001119921.TIM-FTP1.COMITE_PP",
    "121139|PRM.INC000001119921.TIM-FTP1.PRODUCCION",
    "121140|AUT.INC000001119921.TIM-FTP1.DESARROLLO",
    "121141|AUT.INC000001119921.TIM-FTP1.CERTIFICACION",
    "121142|ACT.INC000001119921.TIM-FTP1.DES_FUENTES",
    "121143|ACT.INC000001119921.TIM-FTP1.PRD_INSTALACION",
    "121144|DOC.INC000001119921.TIM-FTP1.DESARROLLO"
  ]
}
(14/06/2018 10:49:54) Proceso exitoso.
(14/06/2018 10:49:54) 
(14/06/2018 10:49:54) Ejecucion terminada en 21 segundos
