(13/06/2018 19:08:24) ******************************************************
(13/06/2018 19:08:24) Iniciando proceso de creacion de Workitem
(13/06/2018 19:08:24) Fecha/Hora (Inicio)	: 13/06/2018 19:08:24
(13/06/2018 19:08:24) Nro. Proceso		: 28135
(13/06/2018 19:08:24) Usuario			: fallas
(13/06/2018 19:08:24) Cliente			: 192.168.100.59
(13/06/2018 19:08:24) Cod. Remedy		: INC000001084438
(13/06/2018 19:08:24) Componente		: TIM-FTP1
(13/06/2018 19:08:24) Soap Tecnico		: E700827
(13/06/2018 19:08:24) ******************************************************
(13/06/2018 19:08:24)
(13/06/2018 19:08:24) Creando workitems . . .
(13/06/2018 19:08:24) 
{
   "auditoria":{
      "repository":"https://172.19.112.112:9443/ccm/",
      "username":"E700911",
      "password":"Jun2018+",
      "area":"02.GESTION.FALLAS.3"
   },
   "workitem":[
      {
         "type":"com.ibm.team.workitem.workItemType.milestone", "parametro":[
            {"name":"Cod_Proyect_Obj", "value":"INC000001084438"},
            {"name":"id.proyecto.solicutd", "value":"NO"},
            {"name":"internalPriority", "value":"Alta"},
            {"name":"owner", "value":"C17096"},
            {"name":"Proyecto.Responsable", "value":"C17096"},
            {"name":"summary", "value":"INC000001084438"},
            {"name":"tipo.proyecto.solicitud", "value":"Requerimientos"},
            {"name":"tipo_gerencia_objec", "value":"SOPORTE"},
            {"name":"tipo_proveedores_object", "value":"EVERIS"}
         ]
      },
      {
         "type":"com.ibm.team.workitem.workItemType.businessneed", "parametro":[
            {"name":"@link_parent", "value":"#1"},
            {"name":"Aplicacion", "value":"TIM-FTP1"},
            {"name":"category", "value":"CEQ.INC000001084438.TIM-FTP1"},
            {"name":"Cod_Proyec_Sol", "value":"INC000001084438"},
            {"name":"Coordinador_de_Desarrollo", "value":"E700136"},
            {"name":"description", "value":"INC000001084438"},
            {"name":"Falla.Responsable", "value":"C17096"},
            {"name":"id_urgencias00", "value":"NO"},
            {"name":"internalPriority", "value":"Alta"},
            {"name":"owner", "value":"C17096"},
            {"name":"summary", "value":"FALLA.INC000001084438.TIM-FTP1"},
            {"name":"target", "value":"LT.FALLA.INC000001084438.TIM-FTP1/R.FALLA.INC000001084438.TIM-FTP1/01.INC000001084438.TIM-FTP1.DESARROLLO"},
            {"name":"tipo.gerencia.sol", "value":"SOPORTE"},
            {"name":"tipo.proveedores.sol", "value":"EVERIS"},
            {"name":"type.solicitud", "value":"Requerimientos"}
         ]
      },
      {
         "type":"promover", "parametro":[
            {"name":"@link_parent", "value":"#2"},
            {"name":"category", "value":"CEQ.INC000001084438.TIM-FTP1"},
            {"name":"internalPriority", "value":"Alta"},
            {"name":"owner", "value":"E751006"},
            {"name":"summary", "value":"PRM.INC000001084438.TIM-FTP1.DESARROLLO"},
            {"name":"target", "value":"LT.FALLA.INC000001084438.TIM-FTP1/R.FALLA.INC000001084438.TIM-FTP1/01.INC000001084438.TIM-FTP1.DESARROLLO"}
         ]
      },
      {
         "type":"promover", "parametro":[
            {"name":"@link_parent", "value":"#2"},
            {"name":"category", "value":"CEQ.INC000001084438.TIM-FTP1"},
            {"name":"internalPriority", "value":"Alta"},
            {"name":"owner", "value":"E751006"},
            {"name":"summary", "value":"PRM.INC000001084438.TIM-FTP1.CERTIFICACION"},
            {"name":"target", "value":"LT.FALLA.INC000001084438.TIM-FTP1/R.FALLA.INC000001084438.TIM-FTP1/02.INC000001084438.TIM-FTP1.CERTIFICACION"}
         ]
      },
      {
         "type":"promover", "parametro":[
            {"name":"@link_parent", "value":"#2"},
            {"name":"category", "value":"CEQ.INC000001084438.TIM-FTP1"},
            {"name":"internalPriority", "value":"Alta"},
            {"name":"owner", "value":"E751006"},
            {"name":"summary", "value":"PRM.INC000001084438.TIM-FTP1.COMITE_PP"},
            {"name":"target", "value":"LT.FALLA.INC000001084438.TIM-FTP1/R.FALLA.INC000001084438.TIM-FTP1/03.INC000001084438.TIM-FTP1.COMITE_PP"}
         ]
      },
      {
         "type":"promover", "parametro":[
            {"name":"@link_parent", "value":"#2"},
            {"name":"category", "value":"CEQ.INC000001084438.TIM-FTP1"},
            {"name":"internalPriority", "value":"Alta"},
            {"name":"owner", "value":"E751006"},
            {"name":"summary", "value":"PRM.INC000001084438.TIM-FTP1.PRODUCCION"},
            {"name":"target", "value":"LT.FALLA.INC000001084438.TIM-FTP1/R.FALLA.INC000001084438.TIM-FTP1/04.INC000001084438.TIM-FTP1.PRODUCCION"}
         ]
      },
      {
         "type":"authorization", "parametro":[
            {"name":"@link_parent", "value":"#3"},
            {"name":"category", "value":"CEQ.INC000001084438.TIM-FTP1"},
            {"name":"cod_project_au", "value":"INC000001084438"},
            {"name":"owner", "value":"C17096"},
            {"name":"summary", "value":"AUT.INC000001084438.TIM-FTP1.DESARROLLO"},
            {"name":"target", "value":"LT.FALLA.INC000001084438.TIM-FTP1/R.FALLA.INC000001084438.TIM-FTP1/01.INC000001084438.TIM-FTP1.DESARROLLO"}
         ]
      },
      {
         "type":"authorization", "parametro":[
            {"name":"@link_parent", "value":"#4"},
            {"name":"category", "value":"CEQ.INC000001084438.TIM-FTP1"},
            {"name":"cod_project_au", "value":"INC000001084438"},
            {"name":"owner", "value":"C17096"},
            {"name":"summary", "value":"AUT.INC000001084438.TIM-FTP1.CERTIFICACION"},
            {"name":"target", "value":"LT.FALLA.INC000001084438.TIM-FTP1/R.FALLA.INC000001084438.TIM-FTP1/02.INC000001084438.TIM-FTP1.CERTIFICACION"}
         ]
      },
      {
         "type":"task", "parametro":[
            {"name":"@link_related", "value":"#7"},
            {"name":"Acti_Cod_Project", "value":"INC000001084438"},
            {"name":"category", "value":"CEQ.INC000001084438.TIM-FTP1"},
            {"name":"Id_nombre_actividad", "value":"DES_FUENTES"},
            {"name":"id_proceso_negocio_Act", "value":"SOPORTE"},
            {"name":"internalPriority", "value":"Alta"},
            {"name":"owner", "value":"E700136"},
            {"name":"summary", "value":"ACT.INC000001084438.TIM-FTP1.DES_FUENTES"},
            {"name":"target", "value":"LT.FALLA.INC000001084438.TIM-FTP1/R.FALLA.INC000001084438.TIM-FTP1/01.INC000001084438.TIM-FTP1.DESARROLLO"},
            {"name":"tipo_gerencia_act", "value":"SOPORTE"},
            {"name":"tipo_proveedores", "value":"EVERIS"}
         ]
      },
      {
         "type":"task", "parametro":[
            {"name":"@link_related", "value":"#6"},
            {"name":"Acti_Cod_Project", "value":"INC000001084438"},
            {"name":"category", "value":"CEQ.INC000001084438.TIM-FTP1"},
            {"name":"Id_nombre_actividad", "value":"PRD_INSTALACION"},
            {"name":"id_proceso_negocio_Act", "value":"SOPORTE"},
            {"name":"internalPriority", "value":"Alta"},
            {"name":"owner", "value":"E700827"},
            {"name":"summary", "value":"ACT.INC000001084438.TIM-FTP1.PRD_INSTALACION"},
            {"name":"target", "value":"LT.FALLA.INC000001084438.TIM-FTP1/R.FALLA.INC000001084438.TIM-FTP1/04.INC000001084438.TIM-FTP1.PRODUCCION"},
            {"name":"tipo_gerencia_act", "value":"SOPORTE"},
            {"name":"tipo_proveedores", "value":"EVERIS"}
         ]
      },
      {
         "type":"documentacion", "parametro":[
            {"name":"@link_related", "value":"#7"},
            {"name":"category", "value":"CEQ.INC000001084438.TIM-FTP1"},
            {"name":"owner", "value":"E700136"},
            {"name":"summary", "value":"DOC.INC000001084438.TIM-FTP1.DESARROLLO"},
            {"name":"target", "value":"LT.FALLA.INC000001084438.TIM-FTP1/R.FALLA.INC000001084438.TIM-FTP1/01.INC000001084438.TIM-FTP1.DESARROLLO"}
         ]
      }
   ]
}
{
  "codigoError": "1",
  "mensajeError": "CRJAZ6053E No se puede completar la operaci贸n 'Guardar elemento de trabajo'. Se requiere permiso para completar la operaci贸n.",
  "listaWorkitem": null
}
(13/06/2018 19:08:31) CRJAZ6053E No se puede completar la operaci贸n 'Guardar elemento de trabajo'. Se requiere permiso para completar la operaci贸n.
(13/06/2018 19:08:31) 
(13/06/2018 19:08:31) Ejecucion terminada en 7 segundos
