(14/05/2018 18:40:00) ******************************************************
(14/05/2018 18:40:00) Iniciando proceso de creacion de Workitem
(14/05/2018 18:40:00) Fecha/Hora (Inicio)	: 14/05/2018 18:40:00
(14/05/2018 18:40:00) Nro. Proceso		: 1460
(14/05/2018 18:40:00) Usuario			: fallas
(14/05/2018 18:40:00) Cliente			: 192.168.100.89
(14/05/2018 18:40:00) Cod. Remedy		: INC000001166302
(14/05/2018 18:40:00) Componente		: PVUDB
(14/05/2018 18:40:00) Soap Tecnico		: C12101
(14/05/2018 18:40:00) ******************************************************
(14/05/2018 18:40:00)
(14/05/2018 18:40:00) Creando workitems . . .
(14/05/2018 18:40:00) 
(14/05/2018 18:40:06) Se creo con exito: 115991|INC000001166302
(14/05/2018 18:40:15) Se creo con exito: 115992|FALLA.INC000001166302.PVUDB
(14/05/2018 18:40:23) Se creo con exito: 115993|PROM.INC000001166302.PVUDB.DESARROLLO
(14/05/2018 18:40:30) Se creo con exito: 115994|PROM.INC000001166302.PVUDB.CERTIFICACION
(14/05/2018 18:40:38) Se creo con exito: 115995|PROM.INC000001166302.PVUDB.COMITE_PP
(14/05/2018 18:40:46) Se creo con exito: 115996|PROM.INC000001166302.PVUDB.PRODUCCION
(14/05/2018 18:40:55) Se creo con exito: 115997|AUT.INC000001166302.PVUDB.DESARROLLO
(14/05/2018 18:41:02) Se creo con exito: 115998|AUT.INC000001166302.PVUDB.CERTIFICACION
(14/05/2018 18:41:10) Se creo con exito: 115999|ACT.INC000001166302.PVUDB.DES_FUENTES
(14/05/2018 18:41:17) Se creo con exito: 116000|ACT.INC000001166302.PVUDB.PRD_INSTALACION
(14/05/2018 18:41:25) Se creo con exito: 116001|DOC.INC000001166302.PVUDB.DESARROLLO
(14/05/2018 18:41:29) 
(14/05/2018 18:41:29) Proceso terminado.
