(10/04/2018 19:06:49) ******************************************************
(10/04/2018 19:06:49) Iniciando proceso de creacion de Workitem
(10/04/2018 19:06:49) Fecha/Hora (Inicio)	: 10/04/2018 19:06:49
(10/04/2018 19:06:49) Nro. Proceso		: 3585
(10/04/2018 19:06:49) Usuario			: fallas
(10/04/2018 19:06:49) Cliente			: 192.168.100.74
(10/04/2018 19:06:49) Cod. Remedy		: INC000001135097
(10/04/2018 19:06:49) Componente		: PROCPP_MIG
(10/04/2018 19:06:49) Soap Tecnico		: C18824
(10/04/2018 19:06:49) ******************************************************
(10/04/2018 19:06:49)
(10/04/2018 19:06:49) Creando workitems . . .
(10/04/2018 19:06:49) 
(10/04/2018 19:07:16) Se creo con exito: 109889|INC000001135097
(10/04/2018 19:09:03) Se creo con exito: 109891|FALLA.INC000001135097.PROCPP_MIG
(10/04/2018 19:12:54) Se creo con exito: 109893|PROM.INC000001135097.PROCPP_MIG.DESARROLLO
(10/04/2018 19:16:37) Se creo con exito: 109898|PROM.INC000001135097.PROCPP_MIG.CERTIFICACION
(10/04/2018 19:19:56) Se creo con exito: 109902|PROM.INC000001135097.PROCPP_MIG.COMITE_PP
(10/04/2018 19:24:37) Se creo con exito: 109904|PROM.INC000001135097.PROCPP_MIG.PRODUCCION
(10/04/2018 19:26:02) Se creo con exito: 109907|AUT.INC000001135097.PROCPP_MIG.DESARROLLO
(10/04/2018 19:27:04) Se creo con exito: 109909|AUT.INC000001135097.PROCPP_MIG.CERTIFICACION
(10/04/2018 19:28:19) Se creo con exito: 109912|ACT.INC000001135097.PROCPP_MIG.DES_FUENTES
(10/04/2018 19:29:18) Se creo con exito: 109914|ACT.INC000001135097.PROCPP_MIG.PRD_INSTALACION
(10/04/2018 19:30:15) Se creo con exito: 109915|DOC.INC000001135097.PROCPP_MIG.DESARROLLO
(10/04/2018 19:30:18) 
(10/04/2018 19:30:18) Proceso terminado.
