(13/06/2018 13:04:16) ******************************************************
(13/06/2018 13:04:16) Iniciando proceso de creacion de Workitem
(13/06/2018 13:04:16) Fecha/Hora (Inicio)	: 13/06/2018 13:04:16
(13/06/2018 13:04:16) Nro. Proceso		: 25664
(13/06/2018 13:04:16) Usuario			: fallas
(13/06/2018 13:04:16) Cliente			: 192.168.100.125
(13/06/2018 13:04:16) Cod. Remedy		: INC000001086577
(13/06/2018 13:04:16) Componente		: EAI
(13/06/2018 13:04:16) Soap Tecnico		: E79653
(13/06/2018 13:04:16) ******************************************************
(13/06/2018 13:04:16)
(13/06/2018 13:04:16) Creando workitems . . .
(13/06/2018 13:04:16) 
{
   "auditoria":{
      "repository":"https://172.19.112.112:9443/ccm/",
      "username":"E700911",
      "password":"Jun2018+",
      "area":"02.GESTION.FALLAS.3"
   },
   "workitem":[
      {
         "type":"com.ibm.team.workitem.workItemType.milestone", "parametro":[
            {"name":"Cod_Proyect_Obj", "value":"INC000001086577"},
            {"name":"id.proyecto.solicutd", "value":"NO"},
            {"name":"internalPriority", "value":"Alta"},
            {"name":"owner", "value":"C17096"},
            {"name":"Proyecto.Responsable", "value":"C17096"},
            {"name":"summary", "value":"INC000001086577"},
            {"name":"tipo.proyecto.solicitud", "value":"Requerimientos"},
            {"name":"tipo_gerencia_objec", "value":"SOPORTE"},
            {"name":"tipo_proveedores_object", "value":"EVERIS"}
         ]
      },
      {
         "type":"com.ibm.team.workitem.workItemType.businessneed", "parametro":[
            {"name":"@link_parent", "value":"#1"},
            {"name":"Aplicacion", "value":"EAI"},
            {"name":"category", "value":"CEQ.INC000001086577.EAI"},
            {"name":"Cod_Proyec_Sol", "value":"INC000001086577"},
            {"name":"Coordinador_de_Desarrollo", "value":"E700136"},
            {"name":"description", "value":"INC000001086577"},
            {"name":"Falla.Responsable", "value":"C17096"},
            {"name":"id_urgencias00", "value":"NO"},
            {"name":"internalPriority", "value":"Alta"},
            {"name":"owner", "value":"C17096"},
            {"name":"summary", "value":"FALLA.INC000001086577.EAI"},
            {"name":"target", "value":"LT.FALLA.INC000001086577.EAI/R.FALLA.INC000001086577.EAI/01.INC000001086577.EAI.DESARROLLO"},
            {"name":"tipo.gerencia.sol", "value":"SOPORTE"},
            {"name":"tipo.proveedores.sol", "value":"EVERIS"},
            {"name":"type.solicitud", "value":"Requerimientos"}
         ]
      },
      {
         "type":"promover", "parametro":[
            {"name":"@link_parent", "value":"#2"},
            {"name":"category", "value":"CEQ.INC000001086577.EAI"},
            {"name":"internalPriority", "value":"Alta"},
            {"name":"owner", "value":"E751006"},
            {"name":"summary", "value":"PRM.INC000001086577.EAI.DESARROLLO"},
            {"name":"target", "value":"LT.FALLA.INC000001086577.EAI/R.FALLA.INC000001086577.EAI/01.INC000001086577.EAI.DESARROLLO"}
         ]
      },
      {
         "type":"promover", "parametro":[
            {"name":"@link_parent", "value":"#2"},
            {"name":"category", "value":"CEQ.INC000001086577.EAI"},
            {"name":"internalPriority", "value":"Alta"},
            {"name":"owner", "value":"E751006"},
            {"name":"summary", "value":"PRM.INC000001086577.EAI.CERTIFICACION"},
            {"name":"target", "value":"LT.FALLA.INC000001086577.EAI/R.FALLA.INC000001086577.EAI/02.INC000001086577.EAI.CERTIFICACION"}
         ]
      },
      {
         "type":"promover", "parametro":[
            {"name":"@link_parent", "value":"#2"},
            {"name":"category", "value":"CEQ.INC000001086577.EAI"},
            {"name":"internalPriority", "value":"Alta"},
            {"name":"owner", "value":"E751006"},
            {"name":"summary", "value":"PRM.INC000001086577.EAI.COMITE_PP"},
            {"name":"target", "value":"LT.FALLA.INC000001086577.EAI/R.FALLA.INC000001086577.EAI/03.INC000001086577.EAI.COMITE_PP"}
         ]
      },
      {
         "type":"promover", "parametro":[
            {"name":"@link_parent", "value":"#2"},
            {"name":"category", "value":"CEQ.INC000001086577.EAI"},
            {"name":"internalPriority", "value":"Alta"},
            {"name":"owner", "value":"E751006"},
            {"name":"summary", "value":"PRM.INC000001086577.EAI.PRODUCCION"},
            {"name":"target", "value":"LT.FALLA.INC000001086577.EAI/R.FALLA.INC000001086577.EAI/04.INC000001086577.EAI.PRODUCCION"}
         ]
      },
      {
         "type":"authorization", "parametro":[
            {"name":"@link_parent", "value":"#3"},
            {"name":"category", "value":"CEQ.INC000001086577.EAI"},
            {"name":"cod_project_au", "value":"INC000001086577"},
            {"name":"owner", "value":"C17096"},
            {"name":"summary", "value":"AUT.INC000001086577.EAI.DESARROLLO"},
            {"name":"target", "value":"LT.FALLA.INC000001086577.EAI/R.FALLA.INC000001086577.EAI/01.INC000001086577.EAI.DESARROLLO"}
         ]
      },
      {
         "type":"authorization", "parametro":[
            {"name":"@link_parent", "value":"#4"},
            {"name":"category", "value":"CEQ.INC000001086577.EAI"},
            {"name":"cod_project_au", "value":"INC000001086577"},
            {"name":"owner", "value":"C17096"},
            {"name":"summary", "value":"AUT.INC000001086577.EAI.CERTIFICACION"},
            {"name":"target", "value":"LT.FALLA.INC000001086577.EAI/R.FALLA.INC000001086577.EAI/02.INC000001086577.EAI.CERTIFICACION"}
         ]
      },
      {
         "type":"task", "parametro":[
            {"name":"@link_related", "value":"#7"},
            {"name":"Acti_Cod_Project", "value":"INC000001086577"},
            {"name":"category", "value":"CEQ.INC000001086577.EAI"},
            {"name":"Id_nombre_actividad", "value":"DES_FUENTES"},
            {"name":"id_proceso_negocio_Act", "value":"SOPORTE"},
            {"name":"internalPriority", "value":"Alta"},
            {"name":"owner", "value":"E700136"},
            {"name":"summary", "value":"ACT.INC000001086577.EAI.DES_FUENTES"},
            {"name":"target", "value":"LT.FALLA.INC000001086577.EAI/R.FALLA.INC000001086577.EAI/01.INC000001086577.EAI.DESARROLLO"},
            {"name":"tipo_gerencia_act", "value":"SOPORTE"},
            {"name":"tipo_proveedores", "value":"EVERIS"}
         ]
      },
      {
         "type":"task", "parametro":[
            {"name":"@link_related", "value":"#6"},
            {"name":"Acti_Cod_Project", "value":"INC000001086577"},
            {"name":"category", "value":"CEQ.INC000001086577.EAI"},
            {"name":"Id_nombre_actividad", "value":"PRD_INSTALACION"},
            {"name":"id_proceso_negocio_Act", "value":"SOPORTE"},
            {"name":"internalPriority", "value":"Alta"},
            {"name":"owner", "value":"E79653"},
            {"name":"summary", "value":"ACT.INC000001086577.EAI.PRD_INSTALACION"},
            {"name":"target", "value":"LT.FALLA.INC000001086577.EAI/R.FALLA.INC000001086577.EAI/04.INC000001086577.EAI.PRODUCCION"},
            {"name":"tipo_gerencia_act", "value":"SOPORTE"},
            {"name":"tipo_proveedores", "value":"EVERIS"}
         ]
      },
      {
         "type":"documentacion", "parametro":[
            {"name":"@link_related", "value":"#7"},
            {"name":"category", "value":"CEQ.INC000001086577.EAI"},
            {"name":"owner", "value":"E700136"},
            {"name":"summary", "value":"DOC.INC000001086577.EAI.DESARROLLO"},
            {"name":"target", "value":"LT.FALLA.INC000001086577.EAI/R.FALLA.INC000001086577.EAI/01.INC000001086577.EAI.DESARROLLO"}
         ]
      }
   ]
}
{
  "codigoError": "0",
  "mensajeError": "Proceso exitoso.",
  "listaWorkitem": [
    "121070|INC000001086577",
    "121071|FALLA.INC000001086577.EAI",
    "121072|PRM.INC000001086577.EAI.DESARROLLO",
    "121073|PRM.INC000001086577.EAI.CERTIFICACION",
    "121074|PRM.INC000001086577.EAI.COMITE_PP",
    "121075|PRM.INC000001086577.EAI.PRODUCCION",
    "121076|AUT.INC000001086577.EAI.DESARROLLO",
    "121077|AUT.INC000001086577.EAI.CERTIFICACION",
    "121078|ACT.INC000001086577.EAI.DES_FUENTES",
    "121079|ACT.INC000001086577.EAI.PRD_INSTALACION",
    "121080|DOC.INC000001086577.EAI.DESARROLLO"
  ]
}
(13/06/2018 13:04:27) Proceso exitoso.
(13/06/2018 13:04:27) 
(13/06/2018 13:04:27) Ejecucion terminada en 12 segundos
