(14/05/2018 19:30:31) ******************************************************
(14/05/2018 19:30:31) Iniciando proceso de creacion de Workitem
(14/05/2018 19:30:31) Fecha/Hora (Inicio)	: 14/05/2018 19:30:31
(14/05/2018 19:30:31) Nro. Proceso		: 3281
(14/05/2018 19:30:31) Usuario			: fallas
(14/05/2018 19:30:31) Cliente			: 192.168.100.89
(14/05/2018 19:30:31) Cod. Remedy		: INC000001166302
(14/05/2018 19:30:31) Componente		: EAI
(14/05/2018 19:30:31) Soap Tecnico		: C18263
(14/05/2018 19:30:31) ******************************************************
(14/05/2018 19:30:31)
(14/05/2018 19:30:31) Creando workitems . . .
(14/05/2018 19:30:31) 
(14/05/2018 19:30:46) Se creo con exito: 116007|INC000001166302
(14/05/2018 19:31:16) Se creo con exito: 116008|FALLA.INC000001166302.EAI
(14/05/2018 19:31:48) Se creo con exito: 116009|PROM.INC000001166302.EAI.DESARROLLO
(14/05/2018 19:32:14) Se creo con exito: 116010|PROM.INC000001166302.EAI.CERTIFICACION
(14/05/2018 19:32:42) Se creo con exito: 116011|PROM.INC000001166302.EAI.COMITE_PP
(14/05/2018 19:33:12) Se creo con exito: 116012|PROM.INC000001166302.EAI.PRODUCCION
(14/05/2018 19:33:38) Se creo con exito: 116013|AUT.INC000001166302.EAI.DESARROLLO
(14/05/2018 19:34:03) Se creo con exito: 116015|AUT.INC000001166302.EAI.CERTIFICACION
(14/05/2018 19:34:31) Se creo con exito: 116016|ACT.INC000001166302.EAI.DES_FUENTES
(14/05/2018 19:35:01) Se creo con exito: 116017|ACT.INC000001166302.EAI.PRD_INSTALACION
(14/05/2018 19:35:26) Se creo con exito: 116018|DOC.INC000001166302.EAI.DESARROLLO
(14/05/2018 19:35:31) 
(14/05/2018 19:35:31) Proceso terminado.
