(09/04/2018 18:47:58) ******************************************************
(09/04/2018 18:47:58) Iniciando proceso de creacion de Workitem
(09/04/2018 18:47:58) Fecha/Hora (Inicio)\t: 09/04/2018 18:47:58
(09/04/2018 18:47:58) Nro. Proceso\t\t: 20634
(09/04/2018 18:47:58) Usuario\t\t\t: fallas
(09/04/2018 18:47:58) Cliente\t\t\t: 192.168.100.138
(09/04/2018 18:47:58) Cod. Remedy\t\t: INC000000790316
(09/04/2018 18:47:58) Componente\t\t: TIM-FTP1
(09/04/2018 18:47:58) Soap Tecnico\t\t: Bruno
(09/04/2018 18:47:58) ******************************************************
(09/04/2018 18:47:58)
(09/04/2018 18:47:58) Creando workitems . . .
(09/04/2018 18:47:58) 
(09/04/2018 18:48:06) Se creo con exito: 109666|INC000000790316
(09/04/2018 18:48:11) Ocurrio un error: Link items - no targets found: @link_parent = 98
Format is:
	@link_linktype=value

	The parameter value is a list of one or more work items specified by their ID. The separator is:|

	@link_resolves=id1|id2|...
	@link_parent=id1|id2|...
	@link_depends_on=id1|id2|...
	@link_successor=id1|id2|...
	@link_copied=id1|id2|...
	@link_blocks=id1|id2|...
	@link_duplicate=id1|id2|...
	@link_predecessor=id1|id2|...
	@link_duplicate_of=id1|id2|...
	@link_resolved_by=id1|id2|...
	@link_related=id1|id2|...
	@link_mentions=id1|id2|...
	@link_copied_from=id1|id2|...
	@link_child=id1|id2|...

	Example:
		@link_related=123|80
Failed!|FALLA.INC000000790316.TIM-FTP1
