(26/06/2018 15:24:00) ******************************************************
(26/06/2018 15:24:00) Iniciando proceso de creacion de Workitem
(26/06/2018 15:24:00) Fecha/Hora (Inicio)\t: 26/06/2018 15:24:00
(26/06/2018 15:24:00) Nro. Proceso\t\t: 7108
(26/06/2018 15:24:00) Usuario\t\t\t: fallas
(26/06/2018 15:24:00) Cliente\t\t\t: 192.168.100.174
(26/06/2018 15:24:00) Cod. Remedy\t\t: INC000001213233
(26/06/2018 15:24:00) Componente\t\t: SISACT_PREPAGO
(26/06/2018 15:24:00) Soap Tecnico\t\t: C12101
(26/06/2018 15:24:00) ******************************************************
(26/06/2018 15:24:00)
(26/06/2018 15:24:00) Creando workitems . . .
(26/06/2018 15:24:00) 
{
   "auditoria":{
      "repository":"https://172.19.112.112:9443/ccm/",
      "username":"E700911",
      "password":"Jun2018+",
      "area":"02.GESTION.FALLAS.4"
   },
   "workitem":[
      {
         "type":"com.ibm.team.workitem.workItemType.milestone", "parametro":[
            {"name":"Cod_Proyect_Obj", "value":"INC000001213233"},
            {"name":"id.proyecto.solicutd", "value":"NO"},
            {"name":"internalPriority", "value":"Alta"},
            {"name":"owner", "value":"C17096"},
            {"name":"Proyecto.Responsable", "value":"C17096"},
            {"name":"summary", "value":"INC000001213233"},
            {"name":"tipo.proyecto.solicitud", "value":"Requerimientos"},
            {"name":"tipo_gerencia_objec", "value":"SOPORTE"},
            {"name":"tipo_proveedores_object", "value":"EVERIS"}
         ]
      },
      {
         "type":"com.ibm.team.workitem.workItemType.businessneed", "parametro":[
            {"name":"@link_parent", "value":"#1"},
            {"name":"Aplicacion", "value":"SISACT_PREPAGO"},
            {"name":"category", "value":"CEQ.INC000001213233.SISACT_PREPAGO"},
            {"name":"Cod_Proyec_Sol", "value":"INC000001213233"},
            {"name":"Coordinador_de_Desarrollo", "value":"E700136"},
            {"name":"description", "value":"INC000001213233"},
            {"name":"Falla.Responsable", "value":"C17096"},
            {"name":"id_urgencias00", "value":"NO"},
            {"name":"internalPriority", "value":"Alta"},
            {"name":"owner", "value":"C17096"},
            {"name":"summary", "value":"FALLA.INC000001213233.SISACT_PREPAGO"},
            {"name":"target", "value":"LT.FALLA.INC000001213233.SISACT_PREPAGO/R.FALLA.INC000001213233.SISACT_PREPAGO/01.INC000001213233.SISACT_PREPAGO.DESARROLLO"},
            {"name":"tipo.gerencia.sol", "value":"SOPORTE"},
            {"name":"tipo.proveedores.sol", "value":"EVERIS"},
            {"name":"type.solicitud", "value":"Requerimientos"}
         ]
      },
      {
         "type":"promover", "parametro":[
            {"name":"@link_parent", "value":"#2"},
            {"name":"category", "value":"CEQ.INC000001213233.SISACT_PREPAGO"},
            {"name":"internalPriority", "value":"Alta"},
            {"name":"owner", "value":"E751006"},
            {"name":"summary", "value":"PRM.INC000001213233.SISACT_PREPAGO.DESARROLLO"},
            {"name":"target", "value":"LT.FALLA.INC000001213233.SISACT_PREPAGO/R.FALLA.INC000001213233.SISACT_PREPAGO/01.INC000001213233.SISACT_PREPAGO.DESARROLLO"}
         ]
      },
      {
         "type":"promover", "parametro":[
            {"name":"@link_parent", "value":"#2"},
            {"name":"category", "value":"CEQ.INC000001213233.SISACT_PREPAGO"},
            {"name":"internalPriority", "value":"Alta"},
            {"name":"owner", "value":"E751006"},
            {"name":"summary", "value":"PRM.INC000001213233.SISACT_PREPAGO.CERTIFICACION"},
            {"name":"target", "value":"LT.FALLA.INC000001213233.SISACT_PREPAGO/R.FALLA.INC000001213233.SISACT_PREPAGO/02.INC000001213233.SISACT_PREPAGO.CERTIFICACION"}
         ]
      },
      {
         "type":"promover", "parametro":[
            {"name":"@link_parent", "value":"#2"},
            {"name":"category", "value":"CEQ.INC000001213233.SISACT_PREPAGO"},
            {"name":"internalPriority", "value":"Alta"},
            {"name":"owner", "value":"E751006"},
            {"name":"summary", "value":"PRM.INC000001213233.SISACT_PREPAGO.COMITE_PP"},
            {"name":"target", "value":"LT.FALLA.INC000001213233.SISACT_PREPAGO/R.FALLA.INC000001213233.SISACT_PREPAGO/03.INC000001213233.SISACT_PREPAGO.COMITE_PP"}
         ]
      },
      {
         "type":"promover", "parametro":[
            {"name":"@link_parent", "value":"#2"},
            {"name":"category", "value":"CEQ.INC000001213233.SISACT_PREPAGO"},
            {"name":"internalPriority", "value":"Alta"},
            {"name":"owner", "value":"E751006"},
            {"name":"summary", "value":"PRM.INC000001213233.SISACT_PREPAGO.PRODUCCION"},
            {"name":"target", "value":"LT.FALLA.INC000001213233.SISACT_PREPAGO/R.FALLA.INC000001213233.SISACT_PREPAGO/04.INC000001213233.SISACT_PREPAGO.PRODUCCION"}
         ]
      },
      {
         "type":"authorization", "parametro":[
            {"name":"@link_parent", "value":"#3"},
            {"name":"category", "value":"CEQ.INC000001213233.SISACT_PREPAGO"},
            {"name":"cod_project_au", "value":"INC000001213233"},
            {"name":"owner", "value":"C17096"},
            {"name":"summary", "value":"AUT.INC000001213233.SISACT_PREPAGO.DESARROLLO"},
            {"name":"target", "value":"LT.FALLA.INC000001213233.SISACT_PREPAGO/R.FALLA.INC000001213233.SISACT_PREPAGO/01.INC000001213233.SISACT_PREPAGO.DESARROLLO"}
         ]
      },
      {
         "type":"authorization", "parametro":[
            {"name":"@link_parent", "value":"#4"},
            {"name":"category", "value":"CEQ.INC000001213233.SISACT_PREPAGO"},
            {"name":"cod_project_au", "value":"INC000001213233"},
            {"name":"owner", "value":"C17096"},
            {"name":"summary", "value":"AUT.INC000001213233.SISACT_PREPAGO.CERTIFICACION"},
            {"name":"target", "value":"LT.FALLA.INC000001213233.SISACT_PREPAGO/R.FALLA.INC000001213233.SISACT_PREPAGO/02.INC000001213233.SISACT_PREPAGO.CERTIFICACION"}
         ]
      },
      {
         "type":"task", "parametro":[
            {"name":"@link_related", "value":"#7"},
            {"name":"Acti_Cod_Project", "value":"INC000001213233"},
            {"name":"category", "value":"CEQ.INC000001213233.SISACT_PREPAGO"},
            {"name":"Id_nombre_actividad", "value":"DES_FUENTES"},
            {"name":"id_proceso_negocio_Act", "value":"SOPORTE"},
            {"name":"internalPriority", "value":"Alta"},
            {"name":"owner", "value":"E700136"},
            {"name":"summary", "value":"ACT.INC000001213233.SISACT_PREPAGO.DES_FUENTES"},
            {"name":"target", "value":"LT.FALLA.INC000001213233.SISACT_PREPAGO/R.FALLA.INC000001213233.SISACT_PREPAGO/01.INC000001213233.SISACT_PREPAGO.DESARROLLO"},
            {"name":"tipo_gerencia_act", "value":"SOPORTE"},
            {"name":"tipo_proveedores", "value":"EVERIS"}
         ]
      },
      {
         "type":"task", "parametro":[
            {"name":"@link_related", "value":"#6"},
            {"name":"Acti_Cod_Project", "value":"INC000001213233"},
            {"name":"category", "value":"CEQ.INC000001213233.SISACT_PREPAGO"},
            {"name":"Id_nombre_actividad", "value":"PRD_INSTALACION"},
            {"name":"id_proceso_negocio_Act", "value":"SOPORTE"},
            {"name":"internalPriority", "value":"Alta"},
            {"name":"owner", "value":"C12101"},
            {"name":"summary", "value":"ACT.INC000001213233.SISACT_PREPAGO.PRD_INSTALACION"},
            {"name":"target", "value":"LT.FALLA.INC000001213233.SISACT_PREPAGO/R.FALLA.INC000001213233.SISACT_PREPAGO/04.INC000001213233.SISACT_PREPAGO.PRODUCCION"},
            {"name":"tipo_gerencia_act", "value":"SOPORTE"},
            {"name":"tipo_proveedores", "value":"EVERIS"}
         ]
      },
      {
         "type":"documentacion", "parametro":[
            {"name":"@link_related", "value":"#7"},
            {"name":"category", "value":"CEQ.INC000001213233.SISACT_PREPAGO"},
            {"name":"owner", "value":"E700136"},
            {"name":"summary", "value":"DOC.INC000001213233.SISACT_PREPAGO.DESARROLLO"},
            {"name":"target", "value":"LT.FALLA.INC000001213233.SISACT_PREPAGO/R.FALLA.INC000001213233.SISACT_PREPAGO/01.INC000001213233.SISACT_PREPAGO.DESARROLLO"}
         ]
      }
   ]
}
{
  "codigoError": "0",
  "mensajeError": "Proceso exitoso.",
  "listaWorkitem": [
    "123372|INC000001213233",
    "123373|FALLA.INC000001213233.SISACT_PREPAGO",
    "123374|PRM.INC000001213233.SISACT_PREPAGO.DESARROLLO",
    "123375|PRM.INC000001213233.SISACT_PREPAGO.CERTIFICACION",
    "123376|PRM.INC000001213233.SISACT_PREPAGO.COMITE_PP",
    "123377|PRM.INC000001213233.SISACT_PREPAGO.PRODUCCION",
    "123378|AUT.INC000001213233.SISACT_PREPAGO.DESARROLLO",
    "123379|AUT.INC000001213233.SISACT_PREPAGO.CERTIFICACION",
    "123380|ACT.INC000001213233.SISACT_PREPAGO.DES_FUENTES",
    "123381|ACT.INC000001213233.SISACT_PREPAGO.PRD_INSTALACION",
    "123382|DOC.INC000001213233.SISACT_PREPAGO.DESARROLLO"
  ]
}
(26/06/2018 15:24:17) Proceso exitoso.
(26/06/2018 15:24:17) 
(26/06/2018 15:24:17) Ejecucion terminada en 18 segundos
