(10/04/2018 19:02:41) ******************************************************
(10/04/2018 19:02:41) Iniciando proceso de creacion de Workitem
(10/04/2018 19:02:41) Fecha/Hora (Inicio)	: 10/04/2018 19:02:41
(10/04/2018 19:02:41) Nro. Proceso		: 3351
(10/04/2018 19:02:41) Usuario			: fallas
(10/04/2018 19:02:41) Cliente			: 192.168.100.74
(10/04/2018 19:02:41) Cod. Remedy		: INC000001135097
(10/04/2018 19:02:41) Componente		: PVUDB
(10/04/2018 19:02:41) Soap Tecnico		: C18824
(10/04/2018 19:02:41) ******************************************************
(10/04/2018 19:02:41)
(10/04/2018 19:02:41) Creando workitems . . .
(10/04/2018 19:02:41) 
(10/04/2018 19:03:01) Se creo con exito: 109887|INC000001135097
(10/04/2018 19:05:25) Se creo con exito: 109888|FALLA.INC000001135097.PVUDB
(10/04/2018 19:07:55) Se creo con exito: 109890|PROM.INC000001135097.PVUDB.DESARROLLO
(10/04/2018 19:10:03) Se creo con exito: 109892|PROM.INC000001135097.PVUDB.CERTIFICACION
(10/04/2018 19:13:31) Se creo con exito: 109894|PROM.INC000001135097.PVUDB.COMITE_PP
(10/04/2018 19:17:09) Se creo con exito: 109900|PROM.INC000001135097.PVUDB.PRODUCCION
(10/04/2018 19:20:49) Se creo con exito: 109903|AUT.INC000001135097.PVUDB.DESARROLLO
(10/04/2018 19:24:49) Se creo con exito: 109906|AUT.INC000001135097.PVUDB.CERTIFICACION
(10/04/2018 19:26:15) Se creo con exito: 109908|ACT.INC000001135097.PVUDB.DES_FUENTES
(10/04/2018 19:27:13) Se creo con exito: 109911|ACT.INC000001135097.PVUDB.PRD_INSTALACION
(10/04/2018 19:28:27) Se creo con exito: 109913|DOC.INC000001135097.PVUDB.DESARROLLO
(10/04/2018 19:28:33) 
(10/04/2018 19:28:33) Proceso terminado.
