(23/03/2018 10:38:19) ******************************************************
(23/03/2018 10:38:19) Iniciando proceso de creacion de Workitem
(23/03/2018 10:38:19) Fecha/Hora (Inicio)	: 23/03/2018 10:38:19
(23/03/2018 10:38:19) Nro. Proceso		: 30944
(23/03/2018 10:38:19) Usuario			: fallas
(23/03/2018 10:38:19) Cliente			: 192.168.100.42
(23/03/2018 10:38:19) Cod. Remedy		: INC000001005237
(23/03/2018 10:38:19) Componente		: LIMFTPV02
(23/03/2018 10:38:19) Soap Tecnico		: C18299
(23/03/2018 10:38:19) ******************************************************
(23/03/2018 10:38:19)
(23/03/2018 10:38:19) Creando workitems . . .
(23/03/2018 10:38:19) 
(23/03/2018 10:38:33) Se creo con exito: 106115|INC000001005237
(23/03/2018 10:40:38) Se creo con exito: 106116|FALLA.INC000001005237.LIMFTPV02
(23/03/2018 10:42:46) Se creo con exito: 106117|PROM.INC000001005237.LIMFTPV02.DESARROLLO
(23/03/2018 10:46:21) Se creo con exito: 106120|PROM.INC000001005237.LIMFTPV02.CERTIFICACION
(23/03/2018 10:49:56) Se creo con exito: 106122|PROM.INC000001005237.LIMFTPV02.COMITE_PP
(23/03/2018 10:53:26) Se creo con exito: 106127|PROM.INC000001005237.LIMFTPV02.PRODUCCION
(23/03/2018 10:57:17) Se creo con exito: 106128|AUT.INC000001005237.LIMFTPV02.DESARROLLO
(23/03/2018 10:58:48) Se creo con exito: 106129|AUT.INC000001005237.LIMFTPV02.CERTIFICACION
(23/03/2018 11:00:23) Se creo con exito: 106131|ACT.INC000001005237.LIMFTPV02.DES_FUENTES
(23/03/2018 11:03:20) Se creo con exito: 106133|ACT.INC000001005237.LIMFTPV02.PRD_INSTALACION
(23/03/2018 11:10:34) Se creo con exito: 106134|DOC.INC000001005237.LIMFTPV02.DESARROLLO
(23/03/2018 11:10:38) 
(23/03/2018 11:10:38) Proceso terminado.
