(17/05/2018 11:03:37) ******************************************************
(17/05/2018 11:03:37) Iniciando proceso de creacion de Workitem
(17/05/2018 11:03:37) Fecha/Hora (Inicio)	: 17/05/2018 11:03:37
(17/05/2018 11:03:37) Nro. Proceso		: 21888
(17/05/2018 11:03:37) Usuario			: fallas
(17/05/2018 11:03:37) Cliente			: 192.168.100.75
(17/05/2018 11:03:37) Cod. Remedy		: INC000001124946
(17/05/2018 11:03:37) Componente		: PVUDB
(17/05/2018 11:03:37) Soap Tecnico		: C12101
(17/05/2018 11:03:37) ******************************************************
(17/05/2018 11:03:37)
(17/05/2018 11:03:37) Creando workitems . . .
(17/05/2018 11:03:37) 
(17/05/2018 11:03:57) Se creo con exito: 116424|INC000001124946
(17/05/2018 11:04:06) Se creo con exito: 116425|FALLA.INC000001124946.PVUDB
(17/05/2018 11:04:13) Se creo con exito: 116426|PROM.INC000001124946.PVUDB.DESARROLLO
(17/05/2018 11:04:20) Se creo con exito: 116427|PROM.INC000001124946.PVUDB.CERTIFICACION
(17/05/2018 11:04:26) Se creo con exito: 116428|PROM.INC000001124946.PVUDB.COMITE_PP
(17/05/2018 11:04:33) Se creo con exito: 116429|PROM.INC000001124946.PVUDB.PRODUCCION
(17/05/2018 11:04:41) Se creo con exito: 116430|AUT.INC000001124946.PVUDB.DESARROLLO
(17/05/2018 11:04:48) Se creo con exito: 116431|AUT.INC000001124946.PVUDB.CERTIFICACION
(17/05/2018 11:04:55) Se creo con exito: 116432|ACT.INC000001124946.PVUDB.DES_FUENTES
(17/05/2018 11:05:01) Se creo con exito: 116434|ACT.INC000001124946.PVUDB.PRD_INSTALACION
(17/05/2018 11:05:07) Se creo con exito: 116435|DOC.INC000001124946.PVUDB.DESARROLLO
(17/05/2018 11:05:12) 
(17/05/2018 11:05:12) Proceso terminado.
